
Terraform used the selected providers to generate the following execution
plan. Resource actions are indicated with the following symbols:
  [32m+[0m create[0m

Terraform will perform the following actions:

[1m  # module.red.aws_eip.nat[0m will be created
[0m  [32m+[0m[0m resource "aws_eip" "nat" {
      [32m+[0m[0m allocation_id        = (known after apply)
      [32m+[0m[0m arn                  = (known after apply)
      [32m+[0m[0m association_id       = (known after apply)
      [32m+[0m[0m carrier_ip           = (known after apply)
      [32m+[0m[0m customer_owned_ip    = (known after apply)
      [32m+[0m[0m domain               = "vpc"
      [32m+[0m[0m id                   = (known after apply)
      [32m+[0m[0m instance             = (known after apply)
      [32m+[0m[0m ipam_pool_id         = (known after apply)
      [32m+[0m[0m network_border_group = (known after apply)
      [32m+[0m[0m network_interface    = (known after apply)
      [32m+[0m[0m private_dns          = (known after apply)
      [32m+[0m[0m private_ip           = (known after apply)
      [32m+[0m[0m ptr_record           = (known after apply)
      [32m+[0m[0m public_dns           = (known after apply)
      [32m+[0m[0m public_ip            = (known after apply)
      [32m+[0m[0m public_ipv4_pool     = (known after apply)
      [32m+[0m[0m region               = "us-east-2"
      [32m+[0m[0m tags                 = {
          [32m+[0m[0m "Name" = "mean-eip-nat"
        }
      [32m+[0m[0m tags_all             = {
          [32m+[0m[0m "Name" = "mean-eip-nat"
        }
    }

[1m  # module.red.aws_internet_gateway.esta[0m will be created
[0m  [32m+[0m[0m resource "aws_internet_gateway" "esta" {
      [32m+[0m[0m arn      = (known after apply)
      [32m+[0m[0m id       = (known after apply)
      [32m+[0m[0m owner_id = (known after apply)
      [32m+[0m[0m region   = "us-east-2"
      [32m+[0m[0m tags     = {
          [32m+[0m[0m "Name" = "mean-igw"
        }
      [32m+[0m[0m tags_all = {
          [32m+[0m[0m "Name" = "mean-igw"
        }
      [32m+[0m[0m vpc_id   = (known after apply)
    }

[1m  # module.red.aws_nat_gateway.esta[0m will be created
[0m  [32m+[0m[0m resource "aws_nat_gateway" "esta" {
      [32m+[0m[0m allocation_id                      = (known after apply)
      [32m+[0m[0m association_id                     = (known after apply)
      [32m+[0m[0m auto_provision_zones               = (known after apply)
      [32m+[0m[0m auto_scaling_ips                   = (known after apply)
      [32m+[0m[0m availability_mode                  = (known after apply)
      [32m+[0m[0m connectivity_type                  = "public"
      [32m+[0m[0m id                                 = (known after apply)
      [32m+[0m[0m network_interface_id               = (known after apply)
      [32m+[0m[0m private_ip                         = (known after apply)
      [32m+[0m[0m public_ip                          = (known after apply)
      [32m+[0m[0m region                             = "us-east-2"
      [32m+[0m[0m regional_nat_gateway_address       = (known after apply)
      [32m+[0m[0m regional_nat_gateway_auto_mode     = (known after apply)
      [32m+[0m[0m route_table_id                     = (known after apply)
      [32m+[0m[0m secondary_allocation_ids           = (known after apply)
      [32m+[0m[0m secondary_private_ip_address_count = (known after apply)
      [32m+[0m[0m secondary_private_ip_addresses     = (known after apply)
      [32m+[0m[0m subnet_id                          = (known after apply)
      [32m+[0m[0m tags                               = {
          [32m+[0m[0m "Name" = "mean-nat"
        }
      [32m+[0m[0m tags_all                           = {
          [32m+[0m[0m "Name" = "mean-nat"
        }
      [32m+[0m[0m vpc_id                             = (known after apply)
    }

[1m  # module.red.aws_route_table.privada[0m will be created
[0m  [32m+[0m[0m resource "aws_route_table" "privada" {
      [32m+[0m[0m arn              = (known after apply)
      [32m+[0m[0m id               = (known after apply)
      [32m+[0m[0m owner_id         = (known after apply)
      [32m+[0m[0m propagating_vgws = (known after apply)
      [32m+[0m[0m region           = "us-east-2"
      [32m+[0m[0m route            = [
          [32m+[0m[0m {
              [32m+[0m[0m cidr_block                 = "0.0.0.0/0"
              [32m+[0m[0m nat_gateway_id             = (known after apply)
                [90m# (12 unchanged attributes hidden)[0m[0m
            },
        ]
      [32m+[0m[0m tags             = {
          [32m+[0m[0m "Name" = "mean-rt-privada"
        }
      [32m+[0m[0m tags_all         = {
          [32m+[0m[0m "Name" = "mean-rt-privada"
        }
      [32m+[0m[0m vpc_id           = (known after apply)
    }

[1m  # module.red.aws_route_table.publica[0m will be created
[0m  [32m+[0m[0m resource "aws_route_table" "publica" {
      [32m+[0m[0m arn              = (known after apply)
      [32m+[0m[0m id               = (known after apply)
      [32m+[0m[0m owner_id         = (known after apply)
      [32m+[0m[0m propagating_vgws = (known after apply)
      [32m+[0m[0m region           = "us-east-2"
      [32m+[0m[0m route            = [
          [32m+[0m[0m {
              [32m+[0m[0m cidr_block                 = "0.0.0.0/0"
              [32m+[0m[0m gateway_id                 = (known after apply)
                [90m# (12 unchanged attributes hidden)[0m[0m
            },
        ]
      [32m+[0m[0m tags             = {
          [32m+[0m[0m "Name" = "mean-rt-publica"
        }
      [32m+[0m[0m tags_all         = {
          [32m+[0m[0m "Name" = "mean-rt-publica"
        }
      [32m+[0m[0m vpc_id           = (known after apply)
    }

[1m  # module.red.aws_route_table_association.privada[0m will be created
[0m  [32m+[0m[0m resource "aws_route_table_association" "privada" {
      [32m+[0m[0m id             = (known after apply)
      [32m+[0m[0m region         = "us-east-2"
      [32m+[0m[0m route_table_id = (known after apply)
      [32m+[0m[0m subnet_id      = (known after apply)
    }

[1m  # module.red.aws_route_table_association.publicas[0][0m will be created
[0m  [32m+[0m[0m resource "aws_route_table_association" "publicas" {
      [32m+[0m[0m id             = (known after apply)
      [32m+[0m[0m region         = "us-east-2"
      [32m+[0m[0m route_table_id = (known after apply)
      [32m+[0m[0m subnet_id      = (known after apply)
    }

[1m  # module.red.aws_route_table_association.publicas[1][0m will be created
[0m  [32m+[0m[0m resource "aws_route_table_association" "publicas" {
      [32m+[0m[0m id             = (known after apply)
      [32m+[0m[0m region         = "us-east-2"
      [32m+[0m[0m route_table_id = (known after apply)
      [32m+[0m[0m subnet_id      = (known after apply)
    }

[1m  # module.red.aws_subnet.privada[0m will be created
[0m  [32m+[0m[0m resource "aws_subnet" "privada" {
      [32m+[0m[0m arn                                            = (known after apply)
      [32m+[0m[0m assign_ipv6_address_on_creation                = false
      [32m+[0m[0m availability_zone                              = "us-east-2a"
      [32m+[0m[0m availability_zone_id                           = (known after apply)
      [32m+[0m[0m cidr_block                                     = "10.0.10.0/24"
      [32m+[0m[0m enable_dns64                                   = false
      [32m+[0m[0m enable_resource_name_dns_a_record_on_launch    = false
      [32m+[0m[0m enable_resource_name_dns_aaaa_record_on_launch = false
      [32m+[0m[0m id                                             = (known after apply)
      [32m+[0m[0m ipv6_cidr_block                                = (known after apply)
      [32m+[0m[0m ipv6_cidr_block_association_id                 = (known after apply)
      [32m+[0m[0m ipv6_native                                    = false
      [32m+[0m[0m map_public_ip_on_launch                        = false
      [32m+[0m[0m owner_id                                       = (known after apply)
      [32m+[0m[0m private_dns_hostname_type_on_launch            = (known after apply)
      [32m+[0m[0m region                                         = "us-east-2"
      [32m+[0m[0m tags                                           = {
          [32m+[0m[0m "Name" = "mean-privada"
        }
      [32m+[0m[0m tags_all                                       = {
          [32m+[0m[0m "Name" = "mean-privada"
        }
      [32m+[0m[0m vpc_id                                         = (known after apply)
    }

[1m  # module.red.aws_subnet.publicas[0][0m will be created
[0m  [32m+[0m[0m resource "aws_subnet" "publicas" {
      [32m+[0m[0m arn                                            = (known after apply)
      [32m+[0m[0m assign_ipv6_address_on_creation                = false
      [32m+[0m[0m availability_zone                              = "us-east-2a"
      [32m+[0m[0m availability_zone_id                           = (known after apply)
      [32m+[0m[0m cidr_block                                     = "10.0.1.0/24"
      [32m+[0m[0m enable_dns64                                   = false
      [32m+[0m[0m enable_resource_name_dns_a_record_on_launch    = false
      [32m+[0m[0m enable_resource_name_dns_aaaa_record_on_launch = false
      [32m+[0m[0m id                                             = (known after apply)
      [32m+[0m[0m ipv6_cidr_block                                = (known after apply)
      [32m+[0m[0m ipv6_cidr_block_association_id                 = (known after apply)
      [32m+[0m[0m ipv6_native                                    = false
      [32m+[0m[0m map_public_ip_on_launch                        = true
      [32m+[0m[0m owner_id                                       = (known after apply)
      [32m+[0m[0m private_dns_hostname_type_on_launch            = (known after apply)
      [32m+[0m[0m region                                         = "us-east-2"
      [32m+[0m[0m tags                                           = {
          [32m+[0m[0m "Name" = "mean-publica-1"
        }
      [32m+[0m[0m tags_all                                       = {
          [32m+[0m[0m "Name" = "mean-publica-1"
        }
      [32m+[0m[0m vpc_id                                         = (known after apply)
    }

[1m  # module.red.aws_subnet.publicas[1][0m will be created
[0m  [32m+[0m[0m resource "aws_subnet" "publicas" {
      [32m+[0m[0m arn                                            = (known after apply)
      [32m+[0m[0m assign_ipv6_address_on_creation                = false
      [32m+[0m[0m availability_zone                              = "us-east-2b"
      [32m+[0m[0m availability_zone_id                           = (known after apply)
      [32m+[0m[0m cidr_block                                     = "10.0.2.0/24"
      [32m+[0m[0m enable_dns64                                   = false
      [32m+[0m[0m enable_resource_name_dns_a_record_on_launch    = false
      [32m+[0m[0m enable_resource_name_dns_aaaa_record_on_launch = false
      [32m+[0m[0m id                                             = (known after apply)
      [32m+[0m[0m ipv6_cidr_block                                = (known after apply)
      [32m+[0m[0m ipv6_cidr_block_association_id                 = (known after apply)
      [32m+[0m[0m ipv6_native                                    = false
      [32m+[0m[0m map_public_ip_on_launch                        = true
      [32m+[0m[0m owner_id                                       = (known after apply)
      [32m+[0m[0m private_dns_hostname_type_on_launch            = (known after apply)
      [32m+[0m[0m region                                         = "us-east-2"
      [32m+[0m[0m tags                                           = {
          [32m+[0m[0m "Name" = "mean-publica-2"
        }
      [32m+[0m[0m tags_all                                       = {
          [32m+[0m[0m "Name" = "mean-publica-2"
        }
      [32m+[0m[0m vpc_id                                         = (known after apply)
    }

[1m  # module.red.aws_vpc.esta[0m will be created
[0m  [32m+[0m[0m resource "aws_vpc" "esta" {
      [32m+[0m[0m arn                                  = (known after apply)
      [32m+[0m[0m cidr_block                           = "10.0.0.0/16"
      [32m+[0m[0m default_network_acl_id               = (known after apply)
      [32m+[0m[0m default_route_table_id               = (known after apply)
      [32m+[0m[0m default_security_group_id            = (known after apply)
      [32m+[0m[0m dhcp_options_id                      = (known after apply)
      [32m+[0m[0m enable_dns_hostnames                 = true
      [32m+[0m[0m enable_dns_support                   = true
      [32m+[0m[0m enable_network_address_usage_metrics = (known after apply)
      [32m+[0m[0m id                                   = (known after apply)
      [32m+[0m[0m instance_tenancy                     = "default"
      [32m+[0m[0m ipv6_association_id                  = (known after apply)
      [32m+[0m[0m ipv6_cidr_block                      = (known after apply)
      [32m+[0m[0m ipv6_cidr_block_network_border_group = (known after apply)
      [32m+[0m[0m main_route_table_id                  = (known after apply)
      [32m+[0m[0m owner_id                             = (known after apply)
      [32m+[0m[0m region                               = "us-east-2"
      [32m+[0m[0m tags                                 = {
          [32m+[0m[0m "Name" = "mean-vpc"
        }
      [32m+[0m[0m tags_all                             = {
          [32m+[0m[0m "Name" = "mean-vpc"
        }
    }

[1m  # module.seguridad.aws_security_group.alb[0m will be created
[0m  [32m+[0m[0m resource "aws_security_group" "alb" {
      [32m+[0m[0m arn                    = (known after apply)
      [32m+[0m[0m description            = "SG del ALB: permite HTTP entrante desde Internet"
      [32m+[0m[0m egress                 = (known after apply)
      [32m+[0m[0m id                     = (known after apply)
      [32m+[0m[0m ingress                = (known after apply)
      [32m+[0m[0m name                   = (known after apply)
      [32m+[0m[0m name_prefix            = "mean-sg-alb-"
      [32m+[0m[0m owner_id               = (known after apply)
      [32m+[0m[0m region                 = "us-east-2"
      [32m+[0m[0m revoke_rules_on_delete = false
      [32m+[0m[0m tags                   = {
          [32m+[0m[0m "Name" = "mean-sg-alb"
        }
      [32m+[0m[0m tags_all               = {
          [32m+[0m[0m "Name" = "mean-sg-alb"
        }
      [32m+[0m[0m vpc_id                 = (known after apply)
    }

[1m  # module.seguridad.aws_security_group.app[0m will be created
[0m  [32m+[0m[0m resource "aws_security_group" "app" {
      [32m+[0m[0m arn                    = (known after apply)
      [32m+[0m[0m description            = "SG de la app: recibe trafico desde el ALB y SSH de administracion"
      [32m+[0m[0m egress                 = (known after apply)
      [32m+[0m[0m id                     = (known after apply)
      [32m+[0m[0m ingress                = (known after apply)
      [32m+[0m[0m name                   = (known after apply)
      [32m+[0m[0m name_prefix            = "mean-sg-app-"
      [32m+[0m[0m owner_id               = (known after apply)
      [32m+[0m[0m region                 = "us-east-2"
      [32m+[0m[0m revoke_rules_on_delete = false
      [32m+[0m[0m tags                   = {
          [32m+[0m[0m "Name" = "mean-sg-app"
        }
      [32m+[0m[0m tags_all               = {
          [32m+[0m[0m "Name" = "mean-sg-app"
        }
      [32m+[0m[0m vpc_id                 = (known after apply)
    }

[1m  # module.seguridad.aws_security_group.mongo[0m will be created
[0m  [32m+[0m[0m resource "aws_security_group" "mongo" {
      [32m+[0m[0m arn                    = (known after apply)
      [32m+[0m[0m description            = "SG de MongoDB: recibe trafico solo desde la app"
      [32m+[0m[0m egress                 = (known after apply)
      [32m+[0m[0m id                     = (known after apply)
      [32m+[0m[0m ingress                = (known after apply)
      [32m+[0m[0m name                   = (known after apply)
      [32m+[0m[0m name_prefix            = "mean-sg-mongo-"
      [32m+[0m[0m owner_id               = (known after apply)
      [32m+[0m[0m region                 = "us-east-2"
      [32m+[0m[0m revoke_rules_on_delete = false
      [32m+[0m[0m tags                   = {
          [32m+[0m[0m "Name" = "mean-sg-mongo"
        }
      [32m+[0m[0m tags_all               = {
          [32m+[0m[0m "Name" = "mean-sg-mongo"
        }
      [32m+[0m[0m vpc_id                 = (known after apply)
    }

[1m  # module.seguridad.aws_vpc_security_group_egress_rule.alb_todo[0m will be created
[0m  [32m+[0m[0m resource "aws_vpc_security_group_egress_rule" "alb_todo" {
      [32m+[0m[0m arn                    = (known after apply)
      [32m+[0m[0m cidr_ipv4              = "0.0.0.0/0"
      [32m+[0m[0m description            = "Salida sin restriccion"
      [32m+[0m[0m id                     = (known after apply)
      [32m+[0m[0m ip_protocol            = "-1"
      [32m+[0m[0m region                 = "us-east-2"
      [32m+[0m[0m security_group_id      = (known after apply)
      [32m+[0m[0m security_group_rule_id = (known after apply)
      [32m+[0m[0m tags_all               = {}
    }

[1m  # module.seguridad.aws_vpc_security_group_egress_rule.app_todo[0m will be created
[0m  [32m+[0m[0m resource "aws_vpc_security_group_egress_rule" "app_todo" {
      [32m+[0m[0m arn                    = (known after apply)
      [32m+[0m[0m cidr_ipv4              = "0.0.0.0/0"
      [32m+[0m[0m description            = "Salida sin restriccion"
      [32m+[0m[0m id                     = (known after apply)
      [32m+[0m[0m ip_protocol            = "-1"
      [32m+[0m[0m region                 = "us-east-2"
      [32m+[0m[0m security_group_id      = (known after apply)
      [32m+[0m[0m security_group_rule_id = (known after apply)
      [32m+[0m[0m tags_all               = {}
    }

[1m  # module.seguridad.aws_vpc_security_group_egress_rule.mongo_todo[0m will be created
[0m  [32m+[0m[0m resource "aws_vpc_security_group_egress_rule" "mongo_todo" {
      [32m+[0m[0m arn                    = (known after apply)
      [32m+[0m[0m cidr_ipv4              = "0.0.0.0/0"
      [32m+[0m[0m description            = "Salida sin restriccion"
      [32m+[0m[0m id                     = (known after apply)
      [32m+[0m[0m ip_protocol            = "-1"
      [32m+[0m[0m region                 = "us-east-2"
      [32m+[0m[0m security_group_id      = (known after apply)
      [32m+[0m[0m security_group_rule_id = (known after apply)
      [32m+[0m[0m tags_all               = {}
    }

[1m  # module.seguridad.aws_vpc_security_group_ingress_rule.alb_http[0m will be created
[0m  [32m+[0m[0m resource "aws_vpc_security_group_ingress_rule" "alb_http" {
      [32m+[0m[0m arn                    = (known after apply)
      [32m+[0m[0m cidr_ipv4              = "0.0.0.0/0"
      [32m+[0m[0m description            = "HTTP entrante desde Internet"
      [32m+[0m[0m from_port              = 80
      [32m+[0m[0m id                     = (known after apply)
      [32m+[0m[0m ip_protocol            = "tcp"
      [32m+[0m[0m region                 = "us-east-2"
      [32m+[0m[0m security_group_id      = (known after apply)
      [32m+[0m[0m security_group_rule_id = (known after apply)
      [32m+[0m[0m tags_all               = {}
      [32m+[0m[0m to_port                = 80
    }

[1m  # module.seguridad.aws_vpc_security_group_ingress_rule.app_desde_alb[0m will be created
[0m  [32m+[0m[0m resource "aws_vpc_security_group_ingress_rule" "app_desde_alb" {
      [32m+[0m[0m arn                          = (known after apply)
      [32m+[0m[0m description                  = "Trafico de la app solo desde el ALB"
      [32m+[0m[0m from_port                    = 3000
      [32m+[0m[0m id                           = (known after apply)
      [32m+[0m[0m ip_protocol                  = "tcp"
      [32m+[0m[0m referenced_security_group_id = (known after apply)
      [32m+[0m[0m region                       = "us-east-2"
      [32m+[0m[0m security_group_id            = (known after apply)
      [32m+[0m[0m security_group_rule_id       = (known after apply)
      [32m+[0m[0m tags_all                     = {}
      [32m+[0m[0m to_port                      = 3000
    }

[1m  # module.seguridad.aws_vpc_security_group_ingress_rule.app_ssh[0m will be created
[0m  [32m+[0m[0m resource "aws_vpc_security_group_ingress_rule" "app_ssh" {
      [32m+[0m[0m arn                    = (known after apply)
      [32m+[0m[0m cidr_ipv4              = "0.0.0.0/0"
      [32m+[0m[0m description            = "SSH de administracion. En produccion restringir cidr_ssh."
      [32m+[0m[0m from_port              = 22
      [32m+[0m[0m id                     = (known after apply)
      [32m+[0m[0m ip_protocol            = "tcp"
      [32m+[0m[0m region                 = "us-east-2"
      [32m+[0m[0m security_group_id      = (known after apply)
      [32m+[0m[0m security_group_rule_id = (known after apply)
      [32m+[0m[0m tags_all               = {}
      [32m+[0m[0m to_port                = 22
    }

[1m  # module.seguridad.aws_vpc_security_group_ingress_rule.mongo_desde_app[0m will be created
[0m  [32m+[0m[0m resource "aws_vpc_security_group_ingress_rule" "mongo_desde_app" {
      [32m+[0m[0m arn                          = (known after apply)
      [32m+[0m[0m description                  = "Trafico de MongoDB solo desde la app"
      [32m+[0m[0m from_port                    = 27017
      [32m+[0m[0m id                           = (known after apply)
      [32m+[0m[0m ip_protocol                  = "tcp"
      [32m+[0m[0m referenced_security_group_id = (known after apply)
      [32m+[0m[0m region                       = "us-east-2"
      [32m+[0m[0m security_group_id            = (known after apply)
      [32m+[0m[0m security_group_rule_id       = (known after apply)
      [32m+[0m[0m tags_all                     = {}
      [32m+[0m[0m to_port                      = 27017
    }

[1mPlan:[0m [0m22 to add, 0 to change, 0 to destroy.
[0m[1m
Do you want to perform these actions?[0m
  Terraform will perform the actions described above.
  Only 'yes' will be accepted to approve.

  [1mEnter a value:[0m [0m
[0m[1mmodule.red.aws_vpc.esta: Creating...[0m[0m
[0m[1mmodule.red.aws_eip.nat: Creating...[0m[0m
[0m[1mmodule.red.aws_eip.nat: Creation complete after 2s [id=eipalloc-03ae7319665ba4320][0m
[0m[1mmodule.red.aws_vpc.esta: Creation complete after 3s [id=vpc-08dec0487f3fba301][0m
[0m[1mmodule.red.aws_subnet.publicas[1]: Creating...[0m[0m
[0m[1mmodule.red.aws_subnet.privada: Creating...[0m[0m
[0m[1mmodule.seguridad.aws_security_group.mongo: Creating...[0m[0m
[0m[1mmodule.red.aws_internet_gateway.esta: Creating...[0m[0m
[0m[1mmodule.seguridad.aws_security_group.alb: Creating...[0m[0m
[0m[1mmodule.red.aws_subnet.publicas[0]: Creating...[0m[0m
[0m[1mmodule.seguridad.aws_security_group.app: Creating...[0m[0m
[0m[1mmodule.red.aws_internet_gateway.esta: Creation complete after 1s [id=igw-0ce9bfe75dbb10601][0m
[0m[1mmodule.red.aws_route_table.publica: Creating...[0m[0m
[0m[1mmodule.red.aws_subnet.privada: Creation complete after 1s [id=subnet-0051de6582583200a][0m
[0m[1mmodule.seguridad.aws_security_group.mongo: Creation complete after 2s [id=sg-09bbeb928db8281d7][0m
[0m[1mmodule.seguridad.aws_vpc_security_group_egress_rule.mongo_todo: Creating...[0m[0m
[0m[1mmodule.red.aws_route_table.publica: Creation complete after 1s [id=rtb-0508a042f2ea92aaf][0m
[0m[1mmodule.seguridad.aws_security_group.app: Creation complete after 3s [id=sg-02e670470c8c74ff4][0m
[0m[1mmodule.seguridad.aws_vpc_security_group_ingress_rule.app_ssh: Creating...[0m[0m
[0m[1mmodule.seguridad.aws_vpc_security_group_egress_rule.app_todo: Creating...[0m[0m
[0m[1mmodule.seguridad.aws_vpc_security_group_ingress_rule.mongo_desde_app: Creating...[0m[0m
[0m[1mmodule.seguridad.aws_vpc_security_group_egress_rule.mongo_todo: Creation complete after 1s [id=sgr-049112d714270b2a4][0m
[0m[1mmodule.seguridad.aws_security_group.alb: Creation complete after 3s [id=sg-07bc96ec8ef2f8e77][0m
[0m[1mmodule.seguridad.aws_vpc_security_group_ingress_rule.alb_http: Creating...[0m[0m
[0m[1mmodule.seguridad.aws_vpc_security_group_egress_rule.alb_todo: Creating...[0m[0m
[0m[1mmodule.seguridad.aws_vpc_security_group_ingress_rule.app_desde_alb: Creating...[0m[0m
[0m[1mmodule.seguridad.aws_vpc_security_group_egress_rule.app_todo: Creation complete after 0s [id=sgr-0644fd51f34f8b018][0m
[0m[1mmodule.seguridad.aws_vpc_security_group_ingress_rule.mongo_desde_app: Creation complete after 0s [id=sgr-00888ad050226b5a0][0m
[0m[1mmodule.seguridad.aws_vpc_security_group_ingress_rule.app_ssh: Creation complete after 0s [id=sgr-0b37ebd5fef25c7f2][0m
[0m[1mmodule.seguridad.aws_vpc_security_group_egress_rule.alb_todo: Creation complete after 0s [id=sgr-0bedee34f937939fd][0m
[0m[1mmodule.seguridad.aws_vpc_security_group_ingress_rule.alb_http: Creation complete after 0s [id=sgr-03309fa42273f2d02][0m
[0m[1mmodule.seguridad.aws_vpc_security_group_ingress_rule.app_desde_alb: Creation complete after 0s [id=sgr-08d4fb02f466a8cf7][0m
[0m[1mmodule.red.aws_subnet.publicas[1]: Still creating... [00m10s elapsed][0m[0m
[0m[1mmodule.red.aws_subnet.publicas[0]: Still creating... [00m10s elapsed][0m[0m
[0m[1mmodule.red.aws_subnet.publicas[1]: Creation complete after 12s [id=subnet-038a9949e8f51b152][0m
[0m[1mmodule.red.aws_subnet.publicas[0]: Creation complete after 15s [id=subnet-068535cf36de47c82][0m
[0m[1mmodule.red.aws_route_table_association.publicas[0]: Creating...[0m[0m
[0m[1mmodule.red.aws_route_table_association.publicas[1]: Creating...[0m[0m
[0m[1mmodule.red.aws_nat_gateway.esta: Creating...[0m[0m
[0m[1mmodule.red.aws_route_table_association.publicas[1]: Creation complete after 1s [id=rtbassoc-03b6e7fae6ae11db9][0m
[0m[1mmodule.red.aws_route_table_association.publicas[0]: Creation complete after 1s [id=rtbassoc-0668c5aefbb150735][0m
[0m[1mmodule.red.aws_nat_gateway.esta: Still creating... [00m10s elapsed][0m[0m
[0m[1mmodule.red.aws_nat_gateway.esta: Still creating... [00m20s elapsed][0m[0m
[0m[1mmodule.red.aws_nat_gateway.esta: Still creating... [00m30s elapsed][0m[0m
[0m[1mmodule.red.aws_nat_gateway.esta: Still creating... [00m40s elapsed][0m[0m
[0m[1mmodule.red.aws_nat_gateway.esta: Still creating... [00m50s elapsed][0m[0m
[0m[1mmodule.red.aws_nat_gateway.esta: Still creating... [01m00s elapsed][0m[0m
[0m[1mmodule.red.aws_nat_gateway.esta: Still creating... [01m10s elapsed][0m[0m
[0m[1mmodule.red.aws_nat_gateway.esta: Still creating... [01m20s elapsed][0m[0m
[0m[1mmodule.red.aws_nat_gateway.esta: Still creating... [01m30s elapsed][0m[0m
[0m[1mmodule.red.aws_nat_gateway.esta: Still creating... [01m40s elapsed][0m[0m
[0m[1mmodule.red.aws_nat_gateway.esta: Still creating... [01m50s elapsed][0m[0m
[0m[1mmodule.red.aws_nat_gateway.esta: Creation complete after 1m56s [id=nat-05f8b2dc0a14031c0][0m
[0m[1mmodule.red.aws_route_table.privada: Creating...[0m[0m
[0m[1mmodule.red.aws_route_table.privada: Creation complete after 1s [id=rtb-0d745b3c1abfd33ac][0m
[0m[1mmodule.red.aws_route_table_association.privada: Creating...[0m[0m
[0m[1mmodule.red.aws_route_table_association.privada: Creation complete after 0s [id=rtbassoc-011bbddbeaae3e335][0m
[0m[1m[32m
Apply complete! Resources: 22 added, 0 changed, 0 destroyed.[0m
