
Terraform used the selected providers to generate the following execution
plan. Resource actions are indicated with the following symbols:
  [32m+[0m create[0m
 [36m<=[0m read (data resources)[0m

Terraform will perform the following actions:

[1m  # module.computo.data.aws_ami.app[0m will be read during apply
  # (depends on a resource or a module with changes pending)
[0m [36m<=[0m[0m data "aws_ami" "app" {
      [32m+[0m[0m architecture          = (known after apply)
      [32m+[0m[0m arn                   = (known after apply)
      [32m+[0m[0m block_device_mappings = (known after apply)
      [32m+[0m[0m boot_mode             = (known after apply)
      [32m+[0m[0m creation_date         = (known after apply)
      [32m+[0m[0m deprecation_time      = (known after apply)
      [32m+[0m[0m description           = (known after apply)
      [32m+[0m[0m ena_support           = (known after apply)
      [32m+[0m[0m hypervisor            = (known after apply)
      [32m+[0m[0m id                    = (known after apply)
      [32m+[0m[0m image_id              = (known after apply)
      [32m+[0m[0m image_location        = (known after apply)
      [32m+[0m[0m image_owner_alias     = (known after apply)
      [32m+[0m[0m image_type            = (known after apply)
      [32m+[0m[0m imds_support          = (known after apply)
      [32m+[0m[0m kernel_id             = (known after apply)
      [32m+[0m[0m last_launched_time    = (known after apply)
      [32m+[0m[0m most_recent           = true
      [32m+[0m[0m name                  = (known after apply)
      [32m+[0m[0m owner_id              = (known after apply)
      [32m+[0m[0m owners                = [
          [32m+[0m[0m "self",
        ]
      [32m+[0m[0m platform              = (known after apply)
      [32m+[0m[0m platform_details      = (known after apply)
      [32m+[0m[0m product_codes         = (known after apply)
      [32m+[0m[0m public                = (known after apply)
      [32m+[0m[0m ramdisk_id            = (known after apply)
      [32m+[0m[0m region                = (known after apply)
      [32m+[0m[0m root_device_name      = (known after apply)
      [32m+[0m[0m root_device_type      = (known after apply)
      [32m+[0m[0m root_snapshot_id      = (known after apply)
      [32m+[0m[0m sriov_net_support     = (known after apply)
      [32m+[0m[0m state                 = (known after apply)
      [32m+[0m[0m state_reason          = (known after apply)
      [32m+[0m[0m tags                  = (known after apply)
      [32m+[0m[0m tpm_support           = (known after apply)
      [32m+[0m[0m usage_operation       = (known after apply)
      [32m+[0m[0m virtualization_type   = (known after apply)

      [32m+[0m[0m filter {
          [32m+[0m[0m name   = "name"
          [32m+[0m[0m values = [
              [32m+[0m[0m "nodejs-nginx-*",
            ]
        }
    }

[1m  # module.computo.aws_instance.app[0m will be created
[0m  [32m+[0m[0m resource "aws_instance" "app" {
      [32m+[0m[0m ami                                  = (known after apply)
      [32m+[0m[0m arn                                  = (known after apply)
      [32m+[0m[0m associate_public_ip_address          = true
      [32m+[0m[0m availability_zone                    = (known after apply)
      [32m+[0m[0m disable_api_stop                     = (known after apply)
      [32m+[0m[0m disable_api_termination              = (known after apply)
      [32m+[0m[0m ebs_optimized                        = (known after apply)
      [32m+[0m[0m enable_primary_ipv6                  = (known after apply)
      [32m+[0m[0m force_destroy                        = false
      [32m+[0m[0m get_password_data                    = false
      [32m+[0m[0m host_id                              = (known after apply)
      [32m+[0m[0m host_resource_group_arn              = (known after apply)
      [32m+[0m[0m iam_instance_profile                 = (known after apply)
      [32m+[0m[0m id                                   = (known after apply)
      [32m+[0m[0m instance_initiated_shutdown_behavior = (known after apply)
      [32m+[0m[0m instance_lifecycle                   = (known after apply)
      [32m+[0m[0m instance_state                       = (known after apply)
      [32m+[0m[0m instance_type                        = "t3.micro"
      [32m+[0m[0m ipv6_address_count                   = (known after apply)
      [32m+[0m[0m ipv6_addresses                       = (known after apply)
      [32m+[0m[0m key_name                             = "devops-unir"
      [32m+[0m[0m monitoring                           = (known after apply)
      [32m+[0m[0m outpost_arn                          = (known after apply)
      [32m+[0m[0m password_data                        = (known after apply)
      [32m+[0m[0m placement_group                      = (known after apply)
      [32m+[0m[0m placement_group_id                   = (known after apply)
      [32m+[0m[0m placement_partition_number           = (known after apply)
      [32m+[0m[0m primary_network_interface_id         = (known after apply)
      [32m+[0m[0m private_dns                          = (known after apply)
      [32m+[0m[0m private_ip                           = (known after apply)
      [32m+[0m[0m public_dns                           = (known after apply)
      [32m+[0m[0m public_ip                            = (known after apply)
      [32m+[0m[0m region                               = "us-east-2"
      [32m+[0m[0m secondary_private_ips                = (known after apply)
      [32m+[0m[0m security_groups                      = (known after apply)
      [32m+[0m[0m source_dest_check                    = true
      [32m+[0m[0m spot_instance_request_id             = (known after apply)
      [32m+[0m[0m subnet_id                            = (known after apply)
      [32m+[0m[0m tags                                 = {
          [32m+[0m[0m "Name" = "mean-app"
        }
      [32m+[0m[0m tags_all                             = {
          [32m+[0m[0m "Name" = "mean-app"
        }
      [32m+[0m[0m tenancy                              = (known after apply)
      [32m+[0m[0m user_data                            = (known after apply)
      [32m+[0m[0m user_data_base64                     = (known after apply)
      [32m+[0m[0m user_data_replace_on_change          = false
      [32m+[0m[0m vpc_security_group_ids               = (known after apply)

      [32m+[0m[0m capacity_reservation_specification (known after apply)

      [32m+[0m[0m cpu_options (known after apply)

      [32m+[0m[0m ebs_block_device (known after apply)

      [32m+[0m[0m enclave_options (known after apply)

      [32m+[0m[0m ephemeral_block_device (known after apply)

      [32m+[0m[0m instance_market_options (known after apply)

      [32m+[0m[0m maintenance_options (known after apply)

      [32m+[0m[0m metadata_options (known after apply)

      [32m+[0m[0m network_interface (known after apply)

      [32m+[0m[0m primary_network_interface (known after apply)

      [32m+[0m[0m private_dns_name_options (known after apply)

      [32m+[0m[0m root_block_device (known after apply)

      [32m+[0m[0m secondary_network_interface (known after apply)
    }

[1m  # module.computo.aws_instance.mongo[0m will be created
[0m  [32m+[0m[0m resource "aws_instance" "mongo" {
      [32m+[0m[0m ami                                  = (known after apply)
      [32m+[0m[0m arn                                  = (known after apply)
      [32m+[0m[0m associate_public_ip_address          = (known after apply)
      [32m+[0m[0m availability_zone                    = (known after apply)
      [32m+[0m[0m disable_api_stop                     = (known after apply)
      [32m+[0m[0m disable_api_termination              = (known after apply)
      [32m+[0m[0m ebs_optimized                        = (known after apply)
      [32m+[0m[0m enable_primary_ipv6                  = (known after apply)
      [32m+[0m[0m force_destroy                        = false
      [32m+[0m[0m get_password_data                    = false
      [32m+[0m[0m host_id                              = (known after apply)
      [32m+[0m[0m host_resource_group_arn              = (known after apply)
      [32m+[0m[0m iam_instance_profile                 = (known after apply)
      [32m+[0m[0m id                                   = (known after apply)
      [32m+[0m[0m instance_initiated_shutdown_behavior = (known after apply)
      [32m+[0m[0m instance_lifecycle                   = (known after apply)
      [32m+[0m[0m instance_state                       = (known after apply)
      [32m+[0m[0m instance_type                        = "t3.micro"
      [32m+[0m[0m ipv6_address_count                   = (known after apply)
      [32m+[0m[0m ipv6_addresses                       = (known after apply)
      [32m+[0m[0m key_name                             = "devops-unir"
      [32m+[0m[0m monitoring                           = (known after apply)
      [32m+[0m[0m outpost_arn                          = (known after apply)
      [32m+[0m[0m password_data                        = (known after apply)
      [32m+[0m[0m placement_group                      = (known after apply)
      [32m+[0m[0m placement_group_id                   = (known after apply)
      [32m+[0m[0m placement_partition_number           = (known after apply)
      [32m+[0m[0m primary_network_interface_id         = (known after apply)
      [32m+[0m[0m private_dns                          = (known after apply)
      [32m+[0m[0m private_ip                           = (known after apply)
      [32m+[0m[0m public_dns                           = (known after apply)
      [32m+[0m[0m public_ip                            = (known after apply)
      [32m+[0m[0m region                               = "us-east-2"
      [32m+[0m[0m secondary_private_ips                = (known after apply)
      [32m+[0m[0m security_groups                      = (known after apply)
      [32m+[0m[0m source_dest_check                    = true
      [32m+[0m[0m spot_instance_request_id             = (known after apply)
      [32m+[0m[0m subnet_id                            = (known after apply)
      [32m+[0m[0m tags                                 = {
          [32m+[0m[0m "Name" = "mean-mongo"
        }
      [32m+[0m[0m tags_all                             = {
          [32m+[0m[0m "Name" = "mean-mongo"
        }
      [32m+[0m[0m tenancy                              = (known after apply)
      [32m+[0m[0m user_data                            = <<-EOT
            #!/usr/bin/env bash
            # Provisiona MongoDB 8.0 sobre Ubuntu 22.04 (jammy) en el primer arranque.
            exec > /var/log/user-data.log 2>&1
            set -x
            
            # Actualiza los índices de paquetes antes de instalar nada
            apt-get update
            
            # Instala las dependencias necesarias para importar la clave y el repositorio
            apt-get install -y gnupg curl
            
            # Importa la clave GPG oficial de MongoDB 8.0
            curl -fsSL https://pgp.mongodb.com/server-8.0.asc \
              | gpg --dearmor -o /usr/share/keyrings/mongodb-server-8.0.gpg
            
            # Registra el repositorio de MongoDB 8.0 para jammy, firmado con la clave anterior
            echo "deb [ arch=amd64,arm64 signed-by=/usr/share/keyrings/mongodb-server-8.0.gpg ] https://repo.mongodb.org/apt/ubuntu jammy/mongodb-org/8.0 multiverse" \
              > /etc/apt/sources.list.d/mongodb-org-8.0.list
            
            # Actualiza índices e instala MongoDB
            apt-get update
            apt-get install -y mongodb-org
            
            # Habilita la escucha en todas las interfaces (la red ya restringe el acceso al SG de la app)
            sed -i 's/^\( *bindIp:\).*/\1 0.0.0.0/' /etc/mongod.conf
            
            # Arranca y habilita el servicio de MongoDB
            systemctl enable --now mongod
        EOT
      [32m+[0m[0m user_data_base64                     = (known after apply)
      [32m+[0m[0m user_data_replace_on_change          = false
      [32m+[0m[0m vpc_security_group_ids               = (known after apply)

      [32m+[0m[0m capacity_reservation_specification (known after apply)

      [32m+[0m[0m cpu_options (known after apply)

      [32m+[0m[0m ebs_block_device (known after apply)

      [32m+[0m[0m enclave_options (known after apply)

      [32m+[0m[0m ephemeral_block_device (known after apply)

      [32m+[0m[0m instance_market_options (known after apply)

      [32m+[0m[0m maintenance_options (known after apply)

      [32m+[0m[0m metadata_options (known after apply)

      [32m+[0m[0m network_interface (known after apply)

      [32m+[0m[0m primary_network_interface (known after apply)

      [32m+[0m[0m private_dns_name_options (known after apply)

      [32m+[0m[0m root_block_device (known after apply)

      [32m+[0m[0m secondary_network_interface (known after apply)
    }

[1m  # module.red.aws_eip.nat[0m will be created
[0m  [32m+[0m[0m resource "aws_eip" "nat" {
      [32m+[0m[0m allocation_id        = (known after apply)
      [32m+[0m[0m arn                  = (known after apply)
      [32m+[0m[0m association_id       = (known after apply)
      [32m+[0m[0m carrier_ip           = (known after apply)
      [32m+[0m[0m customer_owned_ip    = (known after apply)
      [32m+[0m[0m domain               = "vpc"
      [32m+[0m[0m id                   = (known after apply)
      [32m+[0m[0m instance             = (known after apply)
      [32m+[0m[0m ipam_pool_id         = (known after apply)
      [32m+[0m[0m network_border_group = (known after apply)
      [32m+[0m[0m network_interface    = (known after apply)
      [32m+[0m[0m private_dns          = (known after apply)
      [32m+[0m[0m private_ip           = (known after apply)
      [32m+[0m[0m ptr_record           = (known after apply)
      [32m+[0m[0m public_dns           = (known after apply)
      [32m+[0m[0m public_ip            = (known after apply)
      [32m+[0m[0m public_ipv4_pool     = (known after apply)
      [32m+[0m[0m region               = "us-east-2"
      [32m+[0m[0m tags                 = {
          [32m+[0m[0m "Name" = "mean-eip-nat"
        }
      [32m+[0m[0m tags_all             = {
          [32m+[0m[0m "Name" = "mean-eip-nat"
        }
    }

[1m  # module.red.aws_internet_gateway.esta[0m will be created
[0m  [32m+[0m[0m resource "aws_internet_gateway" "esta" {
      [32m+[0m[0m arn      = (known after apply)
      [32m+[0m[0m id       = (known after apply)
      [32m+[0m[0m owner_id = (known after apply)
      [32m+[0m[0m region   = "us-east-2"
      [32m+[0m[0m tags     = {
          [32m+[0m[0m "Name" = "mean-igw"
        }
      [32m+[0m[0m tags_all = {
          [32m+[0m[0m "Name" = "mean-igw"
        }
      [32m+[0m[0m vpc_id   = (known after apply)
    }

[1m  # module.red.aws_nat_gateway.esta[0m will be created
[0m  [32m+[0m[0m resource "aws_nat_gateway" "esta" {
      [32m+[0m[0m allocation_id                      = (known after apply)
      [32m+[0m[0m association_id                     = (known after apply)
      [32m+[0m[0m auto_provision_zones               = (known after apply)
      [32m+[0m[0m auto_scaling_ips                   = (known after apply)
      [32m+[0m[0m availability_mode                  = (known after apply)
      [32m+[0m[0m connectivity_type                  = "public"
      [32m+[0m[0m id                                 = (known after apply)
      [32m+[0m[0m network_interface_id               = (known after apply)
      [32m+[0m[0m private_ip                         = (known after apply)
      [32m+[0m[0m public_ip                          = (known after apply)
      [32m+[0m[0m region                             = "us-east-2"
      [32m+[0m[0m regional_nat_gateway_address       = (known after apply)
      [32m+[0m[0m regional_nat_gateway_auto_mode     = (known after apply)
      [32m+[0m[0m route_table_id                     = (known after apply)
      [32m+[0m[0m secondary_allocation_ids           = (known after apply)
      [32m+[0m[0m secondary_private_ip_address_count = (known after apply)
      [32m+[0m[0m secondary_private_ip_addresses     = (known after apply)
      [32m+[0m[0m subnet_id                          = (known after apply)
      [32m+[0m[0m tags                               = {
          [32m+[0m[0m "Name" = "mean-nat"
        }
      [32m+[0m[0m tags_all                           = {
          [32m+[0m[0m "Name" = "mean-nat"
        }
      [32m+[0m[0m vpc_id                             = (known after apply)
    }

[1m  # module.red.aws_route_table.privada[0m will be created
[0m  [32m+[0m[0m resource "aws_route_table" "privada" {
      [32m+[0m[0m arn              = (known after apply)
      [32m+[0m[0m id               = (known after apply)
      [32m+[0m[0m owner_id         = (known after apply)
      [32m+[0m[0m propagating_vgws = (known after apply)
      [32m+[0m[0m region           = "us-east-2"
      [32m+[0m[0m route            = [
          [32m+[0m[0m {
              [32m+[0m[0m cidr_block                 = "0.0.0.0/0"
              [32m+[0m[0m nat_gateway_id             = (known after apply)
                [90m# (12 unchanged attributes hidden)[0m[0m
            },
        ]
      [32m+[0m[0m tags             = {
          [32m+[0m[0m "Name" = "mean-rt-privada"
        }
      [32m+[0m[0m tags_all         = {
          [32m+[0m[0m "Name" = "mean-rt-privada"
        }
      [32m+[0m[0m vpc_id           = (known after apply)
    }

[1m  # module.red.aws_route_table.publica[0m will be created
[0m  [32m+[0m[0m resource "aws_route_table" "publica" {
      [32m+[0m[0m arn              = (known after apply)
      [32m+[0m[0m id               = (known after apply)
      [32m+[0m[0m owner_id         = (known after apply)
      [32m+[0m[0m propagating_vgws = (known after apply)
      [32m+[0m[0m region           = "us-east-2"
      [32m+[0m[0m route            = [
          [32m+[0m[0m {
              [32m+[0m[0m cidr_block                 = "0.0.0.0/0"
              [32m+[0m[0m gateway_id                 = (known after apply)
                [90m# (12 unchanged attributes hidden)[0m[0m
            },
        ]
      [32m+[0m[0m tags             = {
          [32m+[0m[0m "Name" = "mean-rt-publica"
        }
      [32m+[0m[0m tags_all         = {
          [32m+[0m[0m "Name" = "mean-rt-publica"
        }
      [32m+[0m[0m vpc_id           = (known after apply)
    }

[1m  # module.red.aws_route_table_association.privada[0m will be created
[0m  [32m+[0m[0m resource "aws_route_table_association" "privada" {
      [32m+[0m[0m id             = (known after apply)
      [32m+[0m[0m region         = "us-east-2"
      [32m+[0m[0m route_table_id = (known after apply)
      [32m+[0m[0m subnet_id      = (known after apply)
    }

[1m  # module.red.aws_route_table_association.publicas[0][0m will be created
[0m  [32m+[0m[0m resource "aws_route_table_association" "publicas" {
      [32m+[0m[0m id             = (known after apply)
      [32m+[0m[0m region         = "us-east-2"
      [32m+[0m[0m route_table_id = (known after apply)
      [32m+[0m[0m subnet_id      = (known after apply)
    }

[1m  # module.red.aws_route_table_association.publicas[1][0m will be created
[0m  [32m+[0m[0m resource "aws_route_table_association" "publicas" {
      [32m+[0m[0m id             = (known after apply)
      [32m+[0m[0m region         = "us-east-2"
      [32m+[0m[0m route_table_id = (known after apply)
      [32m+[0m[0m subnet_id      = (known after apply)
    }

[1m  # module.red.aws_subnet.privada[0m will be created
[0m  [32m+[0m[0m resource "aws_subnet" "privada" {
      [32m+[0m[0m arn                                            = (known after apply)
      [32m+[0m[0m assign_ipv6_address_on_creation                = false
      [32m+[0m[0m availability_zone                              = "us-east-2a"
      [32m+[0m[0m availability_zone_id                           = (known after apply)
      [32m+[0m[0m cidr_block                                     = "10.0.10.0/24"
      [32m+[0m[0m enable_dns64                                   = false
      [32m+[0m[0m enable_resource_name_dns_a_record_on_launch    = false
      [32m+[0m[0m enable_resource_name_dns_aaaa_record_on_launch = false
      [32m+[0m[0m id                                             = (known after apply)
      [32m+[0m[0m ipv6_cidr_block                                = (known after apply)
      [32m+[0m[0m ipv6_cidr_block_association_id                 = (known after apply)
      [32m+[0m[0m ipv6_native                                    = false
      [32m+[0m[0m map_public_ip_on_launch                        = false
      [32m+[0m[0m owner_id                                       = (known after apply)
      [32m+[0m[0m private_dns_hostname_type_on_launch            = (known after apply)
      [32m+[0m[0m region                                         = "us-east-2"
      [32m+[0m[0m tags                                           = {
          [32m+[0m[0m "Name" = "mean-privada"
        }
      [32m+[0m[0m tags_all                                       = {
          [32m+[0m[0m "Name" = "mean-privada"
        }
      [32m+[0m[0m vpc_id                                         = (known after apply)
    }

[1m  # module.red.aws_subnet.publicas[0][0m will be created
[0m  [32m+[0m[0m resource "aws_subnet" "publicas" {
      [32m+[0m[0m arn                                            = (known after apply)
      [32m+[0m[0m assign_ipv6_address_on_creation                = false
      [32m+[0m[0m availability_zone                              = "us-east-2a"
      [32m+[0m[0m availability_zone_id                           = (known after apply)
      [32m+[0m[0m cidr_block                                     = "10.0.1.0/24"
      [32m+[0m[0m enable_dns64                                   = false
      [32m+[0m[0m enable_resource_name_dns_a_record_on_launch    = false
      [32m+[0m[0m enable_resource_name_dns_aaaa_record_on_launch = false
      [32m+[0m[0m id                                             = (known after apply)
      [32m+[0m[0m ipv6_cidr_block                                = (known after apply)
      [32m+[0m[0m ipv6_cidr_block_association_id                 = (known after apply)
      [32m+[0m[0m ipv6_native                                    = false
      [32m+[0m[0m map_public_ip_on_launch                        = true
      [32m+[0m[0m owner_id                                       = (known after apply)
      [32m+[0m[0m private_dns_hostname_type_on_launch            = (known after apply)
      [32m+[0m[0m region                                         = "us-east-2"
      [32m+[0m[0m tags                                           = {
          [32m+[0m[0m "Name" = "mean-publica-1"
        }
      [32m+[0m[0m tags_all                                       = {
          [32m+[0m[0m "Name" = "mean-publica-1"
        }
      [32m+[0m[0m vpc_id                                         = (known after apply)
    }

[1m  # module.red.aws_subnet.publicas[1][0m will be created
[0m  [32m+[0m[0m resource "aws_subnet" "publicas" {
      [32m+[0m[0m arn                                            = (known after apply)
      [32m+[0m[0m assign_ipv6_address_on_creation                = false
      [32m+[0m[0m availability_zone                              = "us-east-2b"
      [32m+[0m[0m availability_zone_id                           = (known after apply)
      [32m+[0m[0m cidr_block                                     = "10.0.2.0/24"
      [32m+[0m[0m enable_dns64                                   = false
      [32m+[0m[0m enable_resource_name_dns_a_record_on_launch    = false
      [32m+[0m[0m enable_resource_name_dns_aaaa_record_on_launch = false
      [32m+[0m[0m id                                             = (known after apply)
      [32m+[0m[0m ipv6_cidr_block                                = (known after apply)
      [32m+[0m[0m ipv6_cidr_block_association_id                 = (known after apply)
      [32m+[0m[0m ipv6_native                                    = false
      [32m+[0m[0m map_public_ip_on_launch                        = true
      [32m+[0m[0m owner_id                                       = (known after apply)
      [32m+[0m[0m private_dns_hostname_type_on_launch            = (known after apply)
      [32m+[0m[0m region                                         = "us-east-2"
      [32m+[0m[0m tags                                           = {
          [32m+[0m[0m "Name" = "mean-publica-2"
        }
      [32m+[0m[0m tags_all                                       = {
          [32m+[0m[0m "Name" = "mean-publica-2"
        }
      [32m+[0m[0m vpc_id                                         = (known after apply)
    }

[1m  # module.red.aws_vpc.esta[0m will be created
[0m  [32m+[0m[0m resource "aws_vpc" "esta" {
      [32m+[0m[0m arn                                  = (known after apply)
      [32m+[0m[0m cidr_block                           = "10.0.0.0/16"
      [32m+[0m[0m default_network_acl_id               = (known after apply)
      [32m+[0m[0m default_route_table_id               = (known after apply)
      [32m+[0m[0m default_security_group_id            = (known after apply)
      [32m+[0m[0m dhcp_options_id                      = (known after apply)
      [32m+[0m[0m enable_dns_hostnames                 = true
      [32m+[0m[0m enable_dns_support                   = true
      [32m+[0m[0m enable_network_address_usage_metrics = (known after apply)
      [32m+[0m[0m id                                   = (known after apply)
      [32m+[0m[0m instance_tenancy                     = "default"
      [32m+[0m[0m ipv6_association_id                  = (known after apply)
      [32m+[0m[0m ipv6_cidr_block                      = (known after apply)
      [32m+[0m[0m ipv6_cidr_block_network_border_group = (known after apply)
      [32m+[0m[0m main_route_table_id                  = (known after apply)
      [32m+[0m[0m owner_id                             = (known after apply)
      [32m+[0m[0m region                               = "us-east-2"
      [32m+[0m[0m tags                                 = {
          [32m+[0m[0m "Name" = "mean-vpc"
        }
      [32m+[0m[0m tags_all                             = {
          [32m+[0m[0m "Name" = "mean-vpc"
        }
    }

[1m  # module.seguridad.aws_security_group.alb[0m will be created
[0m  [32m+[0m[0m resource "aws_security_group" "alb" {
      [32m+[0m[0m arn                    = (known after apply)
      [32m+[0m[0m description            = "SG del ALB: permite HTTP entrante desde Internet"
      [32m+[0m[0m egress                 = (known after apply)
      [32m+[0m[0m id                     = (known after apply)
      [32m+[0m[0m ingress                = (known after apply)
      [32m+[0m[0m name                   = (known after apply)
      [32m+[0m[0m name_prefix            = "mean-sg-alb-"
      [32m+[0m[0m owner_id               = (known after apply)
      [32m+[0m[0m region                 = "us-east-2"
      [32m+[0m[0m revoke_rules_on_delete = false
      [32m+[0m[0m tags                   = {
          [32m+[0m[0m "Name" = "mean-sg-alb"
        }
      [32m+[0m[0m tags_all               = {
          [32m+[0m[0m "Name" = "mean-sg-alb"
        }
      [32m+[0m[0m vpc_id                 = (known after apply)
    }

[1m  # module.seguridad.aws_security_group.app[0m will be created
[0m  [32m+[0m[0m resource "aws_security_group" "app" {
      [32m+[0m[0m arn                    = (known after apply)
      [32m+[0m[0m description            = "SG de la app: recibe trafico desde el ALB y SSH de administracion"
      [32m+[0m[0m egress                 = (known after apply)
      [32m+[0m[0m id                     = (known after apply)
      [32m+[0m[0m ingress                = (known after apply)
      [32m+[0m[0m name                   = (known after apply)
      [32m+[0m[0m name_prefix            = "mean-sg-app-"
      [32m+[0m[0m owner_id               = (known after apply)
      [32m+[0m[0m region                 = "us-east-2"
      [32m+[0m[0m revoke_rules_on_delete = false
      [32m+[0m[0m tags                   = {
          [32m+[0m[0m "Name" = "mean-sg-app"
        }
      [32m+[0m[0m tags_all               = {
          [32m+[0m[0m "Name" = "mean-sg-app"
        }
      [32m+[0m[0m vpc_id                 = (known after apply)
    }

[1m  # module.seguridad.aws_security_group.mongo[0m will be created
[0m  [32m+[0m[0m resource "aws_security_group" "mongo" {
      [32m+[0m[0m arn                    = (known after apply)
      [32m+[0m[0m description            = "SG de MongoDB: recibe trafico solo desde la app"
      [32m+[0m[0m egress                 = (known after apply)
      [32m+[0m[0m id                     = (known after apply)
      [32m+[0m[0m ingress                = (known after apply)
      [32m+[0m[0m name                   = (known after apply)
      [32m+[0m[0m name_prefix            = "mean-sg-mongo-"
      [32m+[0m[0m owner_id               = (known after apply)
      [32m+[0m[0m region                 = "us-east-2"
      [32m+[0m[0m revoke_rules_on_delete = false
      [32m+[0m[0m tags                   = {
          [32m+[0m[0m "Name" = "mean-sg-mongo"
        }
      [32m+[0m[0m tags_all               = {
          [32m+[0m[0m "Name" = "mean-sg-mongo"
        }
      [32m+[0m[0m vpc_id                 = (known after apply)
    }

[1m  # module.seguridad.aws_vpc_security_group_egress_rule.alb_todo[0m will be created
[0m  [32m+[0m[0m resource "aws_vpc_security_group_egress_rule" "alb_todo" {
      [32m+[0m[0m arn                    = (known after apply)
      [32m+[0m[0m cidr_ipv4              = "0.0.0.0/0"
      [32m+[0m[0m description            = "Salida sin restriccion"
      [32m+[0m[0m id                     = (known after apply)
      [32m+[0m[0m ip_protocol            = "-1"
      [32m+[0m[0m region                 = "us-east-2"
      [32m+[0m[0m security_group_id      = (known after apply)
      [32m+[0m[0m security_group_rule_id = (known after apply)
      [32m+[0m[0m tags_all               = {}
    }

[1m  # module.seguridad.aws_vpc_security_group_egress_rule.app_todo[0m will be created
[0m  [32m+[0m[0m resource "aws_vpc_security_group_egress_rule" "app_todo" {
      [32m+[0m[0m arn                    = (known after apply)
      [32m+[0m[0m cidr_ipv4              = "0.0.0.0/0"
      [32m+[0m[0m description            = "Salida sin restriccion"
      [32m+[0m[0m id                     = (known after apply)
      [32m+[0m[0m ip_protocol            = "-1"
      [32m+[0m[0m region                 = "us-east-2"
      [32m+[0m[0m security_group_id      = (known after apply)
      [32m+[0m[0m security_group_rule_id = (known after apply)
      [32m+[0m[0m tags_all               = {}
    }

[1m  # module.seguridad.aws_vpc_security_group_egress_rule.mongo_todo[0m will be created
[0m  [32m+[0m[0m resource "aws_vpc_security_group_egress_rule" "mongo_todo" {
      [32m+[0m[0m arn                    = (known after apply)
      [32m+[0m[0m cidr_ipv4              = "0.0.0.0/0"
      [32m+[0m[0m description            = "Salida sin restriccion"
      [32m+[0m[0m id                     = (known after apply)
      [32m+[0m[0m ip_protocol            = "-1"
      [32m+[0m[0m region                 = "us-east-2"
      [32m+[0m[0m security_group_id      = (known after apply)
      [32m+[0m[0m security_group_rule_id = (known after apply)
      [32m+[0m[0m tags_all               = {}
    }

[1m  # module.seguridad.aws_vpc_security_group_ingress_rule.alb_http[0m will be created
[0m  [32m+[0m[0m resource "aws_vpc_security_group_ingress_rule" "alb_http" {
      [32m+[0m[0m arn                    = (known after apply)
      [32m+[0m[0m cidr_ipv4              = "0.0.0.0/0"
      [32m+[0m[0m description            = "HTTP entrante desde Internet"
      [32m+[0m[0m from_port              = 80
      [32m+[0m[0m id                     = (known after apply)
      [32m+[0m[0m ip_protocol            = "tcp"
      [32m+[0m[0m region                 = "us-east-2"
      [32m+[0m[0m security_group_id      = (known after apply)
      [32m+[0m[0m security_group_rule_id = (known after apply)
      [32m+[0m[0m tags_all               = {}
      [32m+[0m[0m to_port                = 80
    }

[1m  # module.seguridad.aws_vpc_security_group_ingress_rule.app_http_desde_alb[0m will be created
[0m  [32m+[0m[0m resource "aws_vpc_security_group_ingress_rule" "app_http_desde_alb" {
      [32m+[0m[0m arn                          = (known after apply)
      [32m+[0m[0m description                  = "HTTP (80) solo desde el ALB; Nginx redirige a Node en localhost"
      [32m+[0m[0m from_port                    = 80
      [32m+[0m[0m id                           = (known after apply)
      [32m+[0m[0m ip_protocol                  = "tcp"
      [32m+[0m[0m referenced_security_group_id = (known after apply)
      [32m+[0m[0m region                       = "us-east-2"
      [32m+[0m[0m security_group_id            = (known after apply)
      [32m+[0m[0m security_group_rule_id       = (known after apply)
      [32m+[0m[0m tags_all                     = {}
      [32m+[0m[0m to_port                      = 80
    }

[1m  # module.seguridad.aws_vpc_security_group_ingress_rule.app_ssh[0m will be created
[0m  [32m+[0m[0m resource "aws_vpc_security_group_ingress_rule" "app_ssh" {
      [32m+[0m[0m arn                    = (known after apply)
      [32m+[0m[0m cidr_ipv4              = "0.0.0.0/0"
      [32m+[0m[0m description            = "SSH de administracion. En produccion restringir cidr_ssh."
      [32m+[0m[0m from_port              = 22
      [32m+[0m[0m id                     = (known after apply)
      [32m+[0m[0m ip_protocol            = "tcp"
      [32m+[0m[0m region                 = "us-east-2"
      [32m+[0m[0m security_group_id      = (known after apply)
      [32m+[0m[0m security_group_rule_id = (known after apply)
      [32m+[0m[0m tags_all               = {}
      [32m+[0m[0m to_port                = 22
    }

[1m  # module.seguridad.aws_vpc_security_group_ingress_rule.mongo_desde_app[0m will be created
[0m  [32m+[0m[0m resource "aws_vpc_security_group_ingress_rule" "mongo_desde_app" {
      [32m+[0m[0m arn                          = (known after apply)
      [32m+[0m[0m description                  = "Trafico de MongoDB solo desde la app"
      [32m+[0m[0m from_port                    = 27017
      [32m+[0m[0m id                           = (known after apply)
      [32m+[0m[0m ip_protocol                  = "tcp"
      [32m+[0m[0m referenced_security_group_id = (known after apply)
      [32m+[0m[0m region                       = "us-east-2"
      [32m+[0m[0m security_group_id            = (known after apply)
      [32m+[0m[0m security_group_rule_id       = (known after apply)
      [32m+[0m[0m tags_all                     = {}
      [32m+[0m[0m to_port                      = 27017
    }

[1mPlan:[0m [0m24 to add, 0 to change, 0 to destroy.
[0m[1m
Do you want to perform these actions?[0m
  Terraform will perform the actions described above.
  Only 'yes' will be accepted to approve.

  [1mEnter a value:[0m [0m
[0m[1mmodule.red.aws_eip.nat: Creating...[0m[0m
[0m[1mmodule.red.aws_vpc.esta: Creating...[0m[0m
[0m[1mmodule.red.aws_eip.nat: Creation complete after 1s [id=eipalloc-038944657c6484d1b][0m
[0m[1mmodule.red.aws_vpc.esta: Creation complete after 2s [id=vpc-0bafeb3e167a768b4][0m
[0m[1mmodule.red.aws_internet_gateway.esta: Creating...[0m[0m
[0m[1mmodule.red.aws_subnet.publicas[1]: Creating...[0m[0m
[0m[1mmodule.red.aws_subnet.publicas[0]: Creating...[0m[0m
[0m[1mmodule.red.aws_subnet.privada: Creating...[0m[0m
[0m[1mmodule.seguridad.aws_security_group.app: Creating...[0m[0m
[0m[1mmodule.seguridad.aws_security_group.alb: Creating...[0m[0m
[0m[1mmodule.seguridad.aws_security_group.mongo: Creating...[0m[0m
[0m[1mmodule.red.aws_internet_gateway.esta: Creation complete after 1s [id=igw-0ab9885e17d731259][0m
[0m[1mmodule.red.aws_route_table.publica: Creating...[0m[0m
[0m[1mmodule.red.aws_subnet.privada: Creation complete after 1s [id=subnet-045f7cbef66fb6cd1][0m
[0m[1mmodule.red.aws_route_table.publica: Creation complete after 2s [id=rtb-05844acd94bfb28e3][0m
[0m[1mmodule.seguridad.aws_security_group.app: Creation complete after 3s [id=sg-03c7aebd6bc64db57][0m
[0m[1mmodule.seguridad.aws_security_group.mongo: Creation complete after 3s [id=sg-0f7123747289df9ea][0m
[0m[1mmodule.seguridad.aws_security_group.alb: Creation complete after 3s [id=sg-0140983b538d14fea][0m
[0m[1mmodule.seguridad.aws_vpc_security_group_egress_rule.app_todo: Creating...[0m[0m
[0m[1mmodule.seguridad.aws_vpc_security_group_ingress_rule.app_ssh: Creating...[0m[0m
[0m[1mmodule.seguridad.aws_vpc_security_group_ingress_rule.mongo_desde_app: Creating...[0m[0m
[0m[1mmodule.seguridad.aws_vpc_security_group_egress_rule.mongo_todo: Creating...[0m[0m
[0m[1mmodule.seguridad.aws_vpc_security_group_egress_rule.alb_todo: Creating...[0m[0m
[0m[1mmodule.seguridad.aws_vpc_security_group_ingress_rule.alb_http: Creating...[0m[0m
[0m[1mmodule.seguridad.aws_vpc_security_group_ingress_rule.app_http_desde_alb: Creating...[0m[0m
[0m[1mmodule.seguridad.aws_vpc_security_group_egress_rule.app_todo: Creation complete after 0s [id=sgr-01f6afca6a27e07bc][0m
[0m[1mmodule.seguridad.aws_vpc_security_group_ingress_rule.alb_http: Creation complete after 0s [id=sgr-0b34ecede23fac51e][0m
[0m[1mmodule.seguridad.aws_vpc_security_group_egress_rule.mongo_todo: Creation complete after 0s [id=sgr-0cd23eb5454014872][0m
[0m[1mmodule.seguridad.aws_vpc_security_group_egress_rule.alb_todo: Creation complete after 0s [id=sgr-07b160ce240a292b1][0m
[0m[1mmodule.seguridad.aws_vpc_security_group_ingress_rule.app_ssh: Creation complete after 0s [id=sgr-002eb18091460bb90][0m
[0m[1mmodule.seguridad.aws_vpc_security_group_ingress_rule.app_http_desde_alb: Creation complete after 0s [id=sgr-0f558d7f1e1009604][0m
[0m[1mmodule.seguridad.aws_vpc_security_group_ingress_rule.mongo_desde_app: Creation complete after 1s [id=sgr-04954b0725a0f4440][0m
[0m[1mmodule.red.aws_subnet.publicas[1]: Still creating... [00m10s elapsed][0m[0m
[0m[1mmodule.red.aws_subnet.publicas[0]: Still creating... [00m10s elapsed][0m[0m
[0m[1mmodule.red.aws_subnet.publicas[1]: Creation complete after 12s [id=subnet-0fc9451192b346242][0m
[0m[1mmodule.red.aws_subnet.publicas[0]: Creation complete after 12s [id=subnet-040c6f7c5cb84a489][0m
[0m[1mmodule.red.aws_route_table_association.publicas[0]: Creating...[0m[0m
[0m[1mmodule.red.aws_route_table_association.publicas[1]: Creating...[0m[0m
[0m[1mmodule.red.aws_nat_gateway.esta: Creating...[0m[0m
[0m[1mmodule.red.aws_route_table_association.publicas[0]: Creation complete after 0s [id=rtbassoc-08a387fc6c9eaec85][0m
[0m[1mmodule.red.aws_route_table_association.publicas[1]: Creation complete after 0s [id=rtbassoc-0585537c32c218475][0m
[0m[1mmodule.red.aws_nat_gateway.esta: Still creating... [00m10s elapsed][0m[0m
[0m[1mmodule.red.aws_nat_gateway.esta: Still creating... [00m20s elapsed][0m[0m
[0m[1mmodule.red.aws_nat_gateway.esta: Still creating... [00m30s elapsed][0m[0m
[0m[1mmodule.red.aws_nat_gateway.esta: Still creating... [00m40s elapsed][0m[0m
[0m[1mmodule.red.aws_nat_gateway.esta: Still creating... [00m50s elapsed][0m[0m
[0m[1mmodule.red.aws_nat_gateway.esta: Still creating... [01m00s elapsed][0m[0m
[0m[1mmodule.red.aws_nat_gateway.esta: Still creating... [01m10s elapsed][0m[0m
[0m[1mmodule.red.aws_nat_gateway.esta: Still creating... [01m20s elapsed][0m[0m
[0m[1mmodule.red.aws_nat_gateway.esta: Still creating... [01m30s elapsed][0m[0m
[0m[1mmodule.red.aws_nat_gateway.esta: Creation complete after 1m35s [id=nat-0cea8cbfc69f65897][0m
[0m[1mmodule.red.aws_route_table.privada: Creating...[0m[0m
[0m[1mmodule.red.aws_route_table.privada: Creation complete after 1s [id=rtb-0eb10ba1c8ccdf21e][0m
[0m[1mmodule.red.aws_route_table_association.privada: Creating...[0m[0m
[0m[1mmodule.red.aws_route_table_association.privada: Creation complete after 1s [id=rtbassoc-0c31f684e891c47d6][0m
[0m[1mmodule.computo.data.aws_ami.app: Reading...[0m[0m
[0m[1mmodule.computo.data.aws_ami.app: Read complete after 0s [id=ami-0e8a118460995ddb2][0m
[0m[1mmodule.computo.aws_instance.mongo: Creating...[0m[0m
[0m[1mmodule.computo.aws_instance.mongo: Still creating... [00m10s elapsed][0m[0m
[0m[1mmodule.computo.aws_instance.mongo: Creation complete after 14s [id=i-0c744566bd83459c1][0m
[0m[1mmodule.computo.aws_instance.app: Creating...[0m[0m
[0m[1mmodule.computo.aws_instance.app: Still creating... [00m10s elapsed][0m[0m
[0m[1mmodule.computo.aws_instance.app: Creation complete after 13s [id=i-05453973e6bd22c04][0m
[0m[1m[32m
Apply complete! Resources: 24 added, 0 changed, 0 destroyed.[0m
