[0m[1mmodule.red.aws_eip.nat: Refreshing state... [id=eipalloc-038944657c6484d1b][0m
[0m[1mmodule.red.aws_vpc.esta: Refreshing state... [id=vpc-0bafeb3e167a768b4][0m
[0m[1mmodule.red.aws_internet_gateway.esta: Refreshing state... [id=igw-0ab9885e17d731259][0m
[0m[1mmodule.red.aws_subnet.privada: Refreshing state... [id=subnet-045f7cbef66fb6cd1][0m
[0m[1mmodule.red.aws_subnet.publicas[0]: Refreshing state... [id=subnet-040c6f7c5cb84a489][0m
[0m[1mmodule.red.aws_subnet.publicas[1]: Refreshing state... [id=subnet-0fc9451192b346242][0m
[0m[1mmodule.seguridad.aws_security_group.mongo: Refreshing state... [id=sg-0f7123747289df9ea][0m
[0m[1mmodule.seguridad.aws_security_group.alb: Refreshing state... [id=sg-0140983b538d14fea][0m
[0m[1mmodule.seguridad.aws_security_group.app: Refreshing state... [id=sg-03c7aebd6bc64db57][0m
[0m[1mmodule.red.aws_route_table.publica: Refreshing state... [id=rtb-05844acd94bfb28e3][0m
[0m[1mmodule.red.aws_nat_gateway.esta: Refreshing state... [id=nat-0cea8cbfc69f65897][0m
[0m[1mmodule.seguridad.aws_vpc_security_group_egress_rule.mongo_todo: Refreshing state... [id=sgr-0cd23eb5454014872][0m
[0m[1mmodule.seguridad.aws_vpc_security_group_egress_rule.alb_todo: Refreshing state... [id=sgr-07b160ce240a292b1][0m
[0m[1mmodule.seguridad.aws_vpc_security_group_ingress_rule.alb_http: Refreshing state... [id=sgr-0b34ecede23fac51e][0m
[0m[1mmodule.red.aws_route_table.privada: Refreshing state... [id=rtb-0eb10ba1c8ccdf21e][0m
[0m[1mmodule.seguridad.aws_vpc_security_group_egress_rule.app_todo: Refreshing state... [id=sgr-01f6afca6a27e07bc][0m
[0m[1mmodule.seguridad.aws_vpc_security_group_ingress_rule.mongo_desde_app: Refreshing state... [id=sgr-04954b0725a0f4440][0m
[0m[1mmodule.seguridad.aws_vpc_security_group_ingress_rule.app_ssh: Refreshing state... [id=sgr-002eb18091460bb90][0m
[0m[1mmodule.seguridad.aws_vpc_security_group_ingress_rule.app_http_desde_alb: Refreshing state... [id=sgr-0f558d7f1e1009604][0m
[0m[1mmodule.red.aws_route_table_association.publicas[0]: Refreshing state... [id=rtbassoc-08a387fc6c9eaec85][0m
[0m[1mmodule.red.aws_route_table_association.publicas[1]: Refreshing state... [id=rtbassoc-0585537c32c218475][0m
[0m[1mmodule.red.aws_route_table_association.privada: Refreshing state... [id=rtbassoc-0c31f684e891c47d6][0m
[0m[1mmodule.computo.data.aws_ami.app: Reading...[0m[0m
[0m[1mmodule.computo.data.aws_ami.app: Read complete after 1s [id=ami-0e8a118460995ddb2][0m
[0m[1mmodule.computo.aws_instance.mongo: Refreshing state... [id=i-0c744566bd83459c1][0m
[0m[1mmodule.computo.aws_instance.app: Refreshing state... [id=i-05453973e6bd22c04][0m

Terraform used the selected providers to generate the following execution
plan. Resource actions are indicated with the following symbols:
  [32m+[0m create[0m

Terraform will perform the following actions:

[1m  # module.seguridad.aws_vpc_security_group_ingress_rule.mongo_ssh_desde_app[0m will be created
[0m  [32m+[0m[0m resource "aws_vpc_security_group_ingress_rule" "mongo_ssh_desde_app" {
      [32m+[0m[0m arn                          = (known after apply)
      [32m+[0m[0m description                  = "SSH administrativo solo desde la instancia de app (patron bastion)"
      [32m+[0m[0m from_port                    = 22
      [32m+[0m[0m id                           = (known after apply)
      [32m+[0m[0m ip_protocol                  = "tcp"
      [32m+[0m[0m referenced_security_group_id = "sg-03c7aebd6bc64db57"
      [32m+[0m[0m region                       = "us-east-2"
      [32m+[0m[0m security_group_id            = "sg-0f7123747289df9ea"
      [32m+[0m[0m security_group_rule_id       = (known after apply)
      [32m+[0m[0m tags_all                     = {}
      [32m+[0m[0m to_port                      = 22
    }

[1mPlan:[0m [0m1 to add, 0 to change, 0 to destroy.
[0m[1mmodule.seguridad.aws_vpc_security_group_ingress_rule.mongo_ssh_desde_app: Creating...[0m[0m
[0m[1mmodule.seguridad.aws_vpc_security_group_ingress_rule.mongo_ssh_desde_app: Creation complete after 1s [id=sgr-01f8bb5cd1d49c4c5][0m
[0m[1m[32m
Apply complete! Resources: 1 added, 0 changed, 0 destroyed.[0m
