
Terraform used the selected providers to generate the following execution
plan. Resource actions are indicated with the following symbols:
  [32m+[0m create[0m
 [36m<=[0m read (data resources)[0m

Terraform will perform the following actions:

[1m  # module.balanceador.aws_lb.app[0m will be created
[0m  [32m+[0m[0m resource "aws_lb" "app" {
      [32m+[0m[0m arn                                                          = (known after apply)
      [32m+[0m[0m arn_suffix                                                   = (known after apply)
      [32m+[0m[0m client_keep_alive                                            = 3600
      [32m+[0m[0m desync_mitigation_mode                                       = "defensive"
      [32m+[0m[0m dns_name                                                     = (known after apply)
      [32m+[0m[0m drop_invalid_header_fields                                   = false
      [32m+[0m[0m enable_deletion_protection                                   = false
      [32m+[0m[0m enable_http2                                                 = true
      [32m+[0m[0m enable_prefix_for_ipv6_source_nat                            = (known after apply)
      [32m+[0m[0m enable_tls_version_and_cipher_suite_headers                  = false
      [32m+[0m[0m enable_waf_fail_open                                         = false
      [32m+[0m[0m enable_xff_client_port                                       = false
      [32m+[0m[0m enable_zonal_shift                                           = false
      [32m+[0m[0m enforce_security_group_inbound_rules_on_private_link_traffic = (known after apply)
      [32m+[0m[0m id                                                           = (known after apply)
      [32m+[0m[0m idle_timeout                                                 = 60
      [32m+[0m[0m internal                                                     = false
      [32m+[0m[0m ip_address_type                                              = (known after apply)
      [32m+[0m[0m load_balancer_type                                           = "application"
      [32m+[0m[0m name                                                         = "mean-alb"
      [32m+[0m[0m name_prefix                                                  = (known after apply)
      [32m+[0m[0m preserve_host_header                                         = false
      [32m+[0m[0m region                                                       = "us-east-2"
      [32m+[0m[0m secondary_ips_auto_assigned_per_subnet                       = (known after apply)
      [32m+[0m[0m security_groups                                              = (known after apply)
      [32m+[0m[0m subnets                                                      = (known after apply)
      [32m+[0m[0m tags                                                         = {
          [32m+[0m[0m "Name" = "mean-alb"
        }
      [32m+[0m[0m tags_all                                                     = {
          [32m+[0m[0m "Name" = "mean-alb"
        }
      [32m+[0m[0m vpc_id                                                       = (known after apply)
      [32m+[0m[0m xff_header_processing_mode                                   = "append"
      [32m+[0m[0m zone_id                                                      = (known after apply)

      [32m+[0m[0m subnet_mapping (known after apply)
    }

[1m  # module.balanceador.aws_lb_listener.http[0m will be created
[0m  [32m+[0m[0m resource "aws_lb_listener" "http" {
      [32m+[0m[0m arn                                                                   = (known after apply)
      [32m+[0m[0m id                                                                    = (known after apply)
      [32m+[0m[0m load_balancer_arn                                                     = (known after apply)
      [32m+[0m[0m port                                                                  = 80
      [32m+[0m[0m protocol                                                              = "HTTP"
      [32m+[0m[0m region                                                                = "us-east-2"
      [32m+[0m[0m routing_http_request_x_amzn_mtls_clientcert_header_name               = (known after apply)
      [32m+[0m[0m routing_http_request_x_amzn_mtls_clientcert_issuer_header_name        = (known after apply)
      [32m+[0m[0m routing_http_request_x_amzn_mtls_clientcert_leaf_header_name          = (known after apply)
      [32m+[0m[0m routing_http_request_x_amzn_mtls_clientcert_serial_number_header_name = (known after apply)
      [32m+[0m[0m routing_http_request_x_amzn_mtls_clientcert_subject_header_name       = (known after apply)
      [32m+[0m[0m routing_http_request_x_amzn_mtls_clientcert_validity_header_name      = (known after apply)
      [32m+[0m[0m routing_http_request_x_amzn_tls_cipher_suite_header_name              = (known after apply)
      [32m+[0m[0m routing_http_request_x_amzn_tls_version_header_name                   = (known after apply)
      [32m+[0m[0m routing_http_response_access_control_allow_credentials_header_value   = (known after apply)
      [32m+[0m[0m routing_http_response_access_control_allow_headers_header_value       = (known after apply)
      [32m+[0m[0m routing_http_response_access_control_allow_methods_header_value       = (known after apply)
      [32m+[0m[0m routing_http_response_access_control_allow_origin_header_value        = (known after apply)
      [32m+[0m[0m routing_http_response_access_control_expose_headers_header_value      = (known after apply)
      [32m+[0m[0m routing_http_response_access_control_max_age_header_value             = (known after apply)
      [32m+[0m[0m routing_http_response_content_security_policy_header_value            = (known after apply)
      [32m+[0m[0m routing_http_response_server_enabled                                  = (known after apply)
      [32m+[0m[0m routing_http_response_strict_transport_security_header_value          = (known after apply)
      [32m+[0m[0m routing_http_response_x_content_type_options_header_value             = (known after apply)
      [32m+[0m[0m routing_http_response_x_frame_options_header_value                    = (known after apply)
      [32m+[0m[0m ssl_policy                                                            = (known after apply)
      [32m+[0m[0m tags                                                                  = {
          [32m+[0m[0m "Name" = "mean-listener"
        }
      [32m+[0m[0m tags_all                                                              = {
          [32m+[0m[0m "Name" = "mean-listener"
        }
      [32m+[0m[0m tcp_idle_timeout_seconds                                              = (known after apply)

      [32m+[0m[0m default_action {
          [32m+[0m[0m order            = (known after apply)
          [32m+[0m[0m target_group_arn = (known after apply)
          [32m+[0m[0m type             = "forward"
        }

      [32m+[0m[0m mutual_authentication (known after apply)
    }

[1m  # module.balanceador.aws_lb_target_group.app[0m will be created
[0m  [32m+[0m[0m resource "aws_lb_target_group" "app" {
      [32m+[0m[0m arn                                = (known after apply)
      [32m+[0m[0m arn_suffix                         = (known after apply)
      [32m+[0m[0m connection_termination             = (known after apply)
      [32m+[0m[0m deregistration_delay               = "300"
      [32m+[0m[0m id                                 = (known after apply)
      [32m+[0m[0m ip_address_type                    = (known after apply)
      [32m+[0m[0m lambda_multi_value_headers_enabled = false
      [32m+[0m[0m load_balancer_arns                 = (known after apply)
      [32m+[0m[0m load_balancing_algorithm_type      = (known after apply)
      [32m+[0m[0m load_balancing_anomaly_mitigation  = (known after apply)
      [32m+[0m[0m load_balancing_cross_zone_enabled  = (known after apply)
      [32m+[0m[0m name                               = "mean-tg"
      [32m+[0m[0m name_prefix                        = (known after apply)
      [32m+[0m[0m port                               = 80
      [32m+[0m[0m preserve_client_ip                 = (known after apply)
      [32m+[0m[0m protocol                           = "HTTP"
      [32m+[0m[0m protocol_version                   = (known after apply)
      [32m+[0m[0m proxy_protocol_v2                  = false
      [32m+[0m[0m region                             = "us-east-2"
      [32m+[0m[0m slow_start                         = 0
      [32m+[0m[0m tags                               = {
          [32m+[0m[0m "Name" = "mean-tg"
        }
      [32m+[0m[0m tags_all                           = {
          [32m+[0m[0m "Name" = "mean-tg"
        }
      [32m+[0m[0m target_type                        = "instance"
      [32m+[0m[0m vpc_id                             = (known after apply)

      [32m+[0m[0m health_check {
          [32m+[0m[0m enabled             = true
          [32m+[0m[0m healthy_threshold   = 2
          [32m+[0m[0m interval            = 30
          [32m+[0m[0m matcher             = "200"
          [32m+[0m[0m path                = "/"
          [32m+[0m[0m port                = "traffic-port"
          [32m+[0m[0m protocol            = "HTTP"
          [32m+[0m[0m timeout             = (known after apply)
          [32m+[0m[0m unhealthy_threshold = 3
        }

      [32m+[0m[0m stickiness (known after apply)

      [32m+[0m[0m target_failover (known after apply)

      [32m+[0m[0m target_group_health (known after apply)

      [32m+[0m[0m target_health_state (known after apply)
    }

[1m  # module.balanceador.aws_lb_target_group_attachment.app[0m will be created
[0m  [32m+[0m[0m resource "aws_lb_target_group_attachment" "app" {
      [32m+[0m[0m id               = (known after apply)
      [32m+[0m[0m port             = 80
      [32m+[0m[0m region           = "us-east-2"
      [32m+[0m[0m target_group_arn = (known after apply)
      [32m+[0m[0m target_id        = (known after apply)
    }

[1m  # module.computo.data.aws_ami.app[0m will be read during apply
  # (depends on a resource or a module with changes pending)
[0m [36m<=[0m[0m data "aws_ami" "app" {
      [32m+[0m[0m architecture          = (known after apply)
      [32m+[0m[0m arn                   = (known after apply)
      [32m+[0m[0m block_device_mappings = (known after apply)
      [32m+[0m[0m boot_mode             = (known after apply)
      [32m+[0m[0m creation_date         = (known after apply)
      [32m+[0m[0m deprecation_time      = (known after apply)
      [32m+[0m[0m description           = (known after apply)
      [32m+[0m[0m ena_support           = (known after apply)
      [32m+[0m[0m hypervisor            = (known after apply)
      [32m+[0m[0m id                    = (known after apply)
      [32m+[0m[0m image_id              = (known after apply)
      [32m+[0m[0m image_location        = (known after apply)
      [32m+[0m[0m image_owner_alias     = (known after apply)
      [32m+[0m[0m image_type            = (known after apply)
      [32m+[0m[0m imds_support          = (known after apply)
      [32m+[0m[0m kernel_id             = (known after apply)
      [32m+[0m[0m last_launched_time    = (known after apply)
      [32m+[0m[0m most_recent           = true
      [32m+[0m[0m name                  = (known after apply)
      [32m+[0m[0m owner_id              = (known after apply)
      [32m+[0m[0m owners                = [
          [32m+[0m[0m "self",
        ]
      [32m+[0m[0m platform              = (known after apply)
      [32m+[0m[0m platform_details      = (known after apply)
      [32m+[0m[0m product_codes         = (known after apply)
      [32m+[0m[0m public                = (known after apply)
      [32m+[0m[0m ramdisk_id            = (known after apply)
      [32m+[0m[0m region                = (known after apply)
      [32m+[0m[0m root_device_name      = (known after apply)
      [32m+[0m[0m root_device_type      = (known after apply)
      [32m+[0m[0m root_snapshot_id      = (known after apply)
      [32m+[0m[0m sriov_net_support     = (known after apply)
      [32m+[0m[0m state                 = (known after apply)
      [32m+[0m[0m state_reason          = (known after apply)
      [32m+[0m[0m tags                  = (known after apply)
      [32m+[0m[0m tpm_support           = (known after apply)
      [32m+[0m[0m usage_operation       = (known after apply)
      [32m+[0m[0m virtualization_type   = (known after apply)

      [32m+[0m[0m filter {
          [32m+[0m[0m name   = "name"
          [32m+[0m[0m values = [
              [32m+[0m[0m "nodejs-nginx-*",
            ]
        }
    }

[1m  # module.computo.aws_instance.app[0m will be created
[0m  [32m+[0m[0m resource "aws_instance" "app" {
      [32m+[0m[0m ami                                  = (known after apply)
      [32m+[0m[0m arn                                  = (known after apply)
      [32m+[0m[0m associate_public_ip_address          = true
      [32m+[0m[0m availability_zone                    = (known after apply)
      [32m+[0m[0m disable_api_stop                     = (known after apply)
      [32m+[0m[0m disable_api_termination              = (known after apply)
      [32m+[0m[0m ebs_optimized                        = (known after apply)
      [32m+[0m[0m enable_primary_ipv6                  = (known after apply)
      [32m+[0m[0m force_destroy                        = false
      [32m+[0m[0m get_password_data                    = false
      [32m+[0m[0m host_id                              = (known after apply)
      [32m+[0m[0m host_resource_group_arn              = (known after apply)
      [32m+[0m[0m iam_instance_profile                 = (known after apply)
      [32m+[0m[0m id                                   = (known after apply)
      [32m+[0m[0m instance_initiated_shutdown_behavior = (known after apply)
      [32m+[0m[0m instance_lifecycle                   = (known after apply)
      [32m+[0m[0m instance_state                       = (known after apply)
      [32m+[0m[0m instance_type                        = "t3.micro"
      [32m+[0m[0m ipv6_address_count                   = (known after apply)
      [32m+[0m[0m ipv6_addresses                       = (known after apply)
      [32m+[0m[0m key_name                             = "devops-unir"
      [32m+[0m[0m monitoring                           = (known after apply)
      [32m+[0m[0m outpost_arn                          = (known after apply)
      [32m+[0m[0m password_data                        = (known after apply)
      [32m+[0m[0m placement_group                      = (known after apply)
      [32m+[0m[0m placement_group_id                   = (known after apply)
      [32m+[0m[0m placement_partition_number           = (known after apply)
      [32m+[0m[0m primary_network_interface_id         = (known after apply)
      [32m+[0m[0m private_dns                          = (known after apply)
      [32m+[0m[0m private_ip                           = (known after apply)
      [32m+[0m[0m public_dns                           = (known after apply)
      [32m+[0m[0m public_ip                            = (known after apply)
      [32m+[0m[0m region                               = "us-east-2"
      [32m+[0m[0m secondary_private_ips                = (known after apply)
      [32m+[0m[0m security_groups                      = (known after apply)
      [32m+[0m[0m source_dest_check                    = true
      [32m+[0m[0m spot_instance_request_id             = (known after apply)
      [32m+[0m[0m subnet_id                            = (known after apply)
      [32m+[0m[0m tags                                 = {
          [32m+[0m[0m "Name" = "mean-app"
        }
      [32m+[0m[0m tags_all                             = {
          [32m+[0m[0m "Name" = "mean-app"
        }
      [32m+[0m[0m tenancy                              = (known after apply)
      [32m+[0m[0m user_data                            = (known after apply)
      [32m+[0m[0m user_data_base64                     = (known after apply)
      [32m+[0m[0m user_data_replace_on_change          = false
      [32m+[0m[0m vpc_security_group_ids               = (known after apply)

      [32m+[0m[0m capacity_reservation_specification (known after apply)

      [32m+[0m[0m cpu_options (known after apply)

      [32m+[0m[0m ebs_block_device (known after apply)

      [32m+[0m[0m enclave_options (known after apply)

      [32m+[0m[0m ephemeral_block_device (known after apply)

      [32m+[0m[0m instance_market_options (known after apply)

      [32m+[0m[0m maintenance_options (known after apply)

      [32m+[0m[0m metadata_options (known after apply)

      [32m+[0m[0m network_interface (known after apply)

      [32m+[0m[0m primary_network_interface (known after apply)

      [32m+[0m[0m private_dns_name_options (known after apply)

      [32m+[0m[0m root_block_device (known after apply)

      [32m+[0m[0m secondary_network_interface (known after apply)
    }

[1m  # module.computo.aws_instance.mongo[0m will be created
[0m  [32m+[0m[0m resource "aws_instance" "mongo" {
      [32m+[0m[0m ami                                  = (known after apply)
      [32m+[0m[0m arn                                  = (known after apply)
      [32m+[0m[0m associate_public_ip_address          = (known after apply)
      [32m+[0m[0m availability_zone                    = (known after apply)
      [32m+[0m[0m disable_api_stop                     = (known after apply)
      [32m+[0m[0m disable_api_termination              = (known after apply)
      [32m+[0m[0m ebs_optimized                        = (known after apply)
      [32m+[0m[0m enable_primary_ipv6                  = (known after apply)
      [32m+[0m[0m force_destroy                        = false
      [32m+[0m[0m get_password_data                    = false
      [32m+[0m[0m host_id                              = (known after apply)
      [32m+[0m[0m host_resource_group_arn              = (known after apply)
      [32m+[0m[0m iam_instance_profile                 = (known after apply)
      [32m+[0m[0m id                                   = (known after apply)
      [32m+[0m[0m instance_initiated_shutdown_behavior = (known after apply)
      [32m+[0m[0m instance_lifecycle                   = (known after apply)
      [32m+[0m[0m instance_state                       = (known after apply)
      [32m+[0m[0m instance_type                        = "t3.micro"
      [32m+[0m[0m ipv6_address_count                   = (known after apply)
      [32m+[0m[0m ipv6_addresses                       = (known after apply)
      [32m+[0m[0m key_name                             = "devops-unir"
      [32m+[0m[0m monitoring                           = (known after apply)
      [32m+[0m[0m outpost_arn                          = (known after apply)
      [32m+[0m[0m password_data                        = (known after apply)
      [32m+[0m[0m placement_group                      = (known after apply)
      [32m+[0m[0m placement_group_id                   = (known after apply)
      [32m+[0m[0m placement_partition_number           = (known after apply)
      [32m+[0m[0m primary_network_interface_id         = (known after apply)
      [32m+[0m[0m private_dns                          = (known after apply)
      [32m+[0m[0m private_ip                           = (known after apply)
      [32m+[0m[0m public_dns                           = (known after apply)
      [32m+[0m[0m public_ip                            = (known after apply)
      [32m+[0m[0m region                               = "us-east-2"
      [32m+[0m[0m secondary_private_ips                = (known after apply)
      [32m+[0m[0m security_groups                      = (known after apply)
      [32m+[0m[0m source_dest_check                    = true
      [32m+[0m[0m spot_instance_request_id             = (known after apply)
      [32m+[0m[0m subnet_id                            = (known after apply)
      [32m+[0m[0m tags                                 = {
          [32m+[0m[0m "Name" = "mean-mongo"
        }
      [32m+[0m[0m tags_all                             = {
          [32m+[0m[0m "Name" = "mean-mongo"
        }
      [32m+[0m[0m tenancy                              = (known after apply)
      [32m+[0m[0m user_data                            = <<-EOT
            #!/usr/bin/env bash
            # Provisiona MongoDB 8.0 sobre Ubuntu 22.04 (jammy) en el primer arranque.
            exec > /var/log/user-data.log 2>&1
            set -x
            
            # Actualiza los índices de paquetes antes de instalar nada
            apt-get update
            
            # Instala las dependencias necesarias para importar la clave y el repositorio
            apt-get install -y gnupg curl
            
            # Importa la clave GPG oficial de MongoDB 8.0
            curl -fsSL https://pgp.mongodb.com/server-8.0.asc \
              | gpg --dearmor -o /usr/share/keyrings/mongodb-server-8.0.gpg
            
            # Registra el repositorio de MongoDB 8.0 para jammy, firmado con la clave anterior
            echo "deb [ arch=amd64,arm64 signed-by=/usr/share/keyrings/mongodb-server-8.0.gpg ] https://repo.mongodb.org/apt/ubuntu jammy/mongodb-org/8.0 multiverse" \
              > /etc/apt/sources.list.d/mongodb-org-8.0.list
            
            # Actualiza índices e instala MongoDB
            apt-get update
            apt-get install -y mongodb-org
            
            # Habilita la escucha en todas las interfaces (la red ya restringe el acceso al SG de la app)
            sed -i 's/^\( *bindIp:\).*/\1 0.0.0.0/' /etc/mongod.conf
            
            # Arranca y habilita el servicio de MongoDB
            systemctl enable --now mongod
        EOT
      [32m+[0m[0m user_data_base64                     = (known after apply)
      [32m+[0m[0m user_data_replace_on_change          = false
      [32m+[0m[0m vpc_security_group_ids               = (known after apply)

      [32m+[0m[0m capacity_reservation_specification (known after apply)

      [32m+[0m[0m cpu_options (known after apply)

      [32m+[0m[0m ebs_block_device (known after apply)

      [32m+[0m[0m enclave_options (known after apply)

      [32m+[0m[0m ephemeral_block_device (known after apply)

      [32m+[0m[0m instance_market_options (known after apply)

      [32m+[0m[0m maintenance_options (known after apply)

      [32m+[0m[0m metadata_options (known after apply)

      [32m+[0m[0m network_interface (known after apply)

      [32m+[0m[0m primary_network_interface (known after apply)

      [32m+[0m[0m private_dns_name_options (known after apply)

      [32m+[0m[0m root_block_device (known after apply)

      [32m+[0m[0m secondary_network_interface (known after apply)
    }

[1m  # module.red.aws_eip.nat[0m will be created
[0m  [32m+[0m[0m resource "aws_eip" "nat" {
      [32m+[0m[0m allocation_id        = (known after apply)
      [32m+[0m[0m arn                  = (known after apply)
      [32m+[0m[0m association_id       = (known after apply)
      [32m+[0m[0m carrier_ip           = (known after apply)
      [32m+[0m[0m customer_owned_ip    = (known after apply)
      [32m+[0m[0m domain               = "vpc"
      [32m+[0m[0m id                   = (known after apply)
      [32m+[0m[0m instance             = (known after apply)
      [32m+[0m[0m ipam_pool_id         = (known after apply)
      [32m+[0m[0m network_border_group = (known after apply)
      [32m+[0m[0m network_interface    = (known after apply)
      [32m+[0m[0m private_dns          = (known after apply)
      [32m+[0m[0m private_ip           = (known after apply)
      [32m+[0m[0m ptr_record           = (known after apply)
      [32m+[0m[0m public_dns           = (known after apply)
      [32m+[0m[0m public_ip            = (known after apply)
      [32m+[0m[0m public_ipv4_pool     = (known after apply)
      [32m+[0m[0m region               = "us-east-2"
      [32m+[0m[0m tags                 = {
          [32m+[0m[0m "Name" = "mean-eip-nat"
        }
      [32m+[0m[0m tags_all             = {
          [32m+[0m[0m "Name" = "mean-eip-nat"
        }
    }

[1m  # module.red.aws_internet_gateway.esta[0m will be created
[0m  [32m+[0m[0m resource "aws_internet_gateway" "esta" {
      [32m+[0m[0m arn      = (known after apply)
      [32m+[0m[0m id       = (known after apply)
      [32m+[0m[0m owner_id = (known after apply)
      [32m+[0m[0m region   = "us-east-2"
      [32m+[0m[0m tags     = {
          [32m+[0m[0m "Name" = "mean-igw"
        }
      [32m+[0m[0m tags_all = {
          [32m+[0m[0m "Name" = "mean-igw"
        }
      [32m+[0m[0m vpc_id   = (known after apply)
    }

[1m  # module.red.aws_nat_gateway.esta[0m will be created
[0m  [32m+[0m[0m resource "aws_nat_gateway" "esta" {
      [32m+[0m[0m allocation_id                      = (known after apply)
      [32m+[0m[0m association_id                     = (known after apply)
      [32m+[0m[0m auto_provision_zones               = (known after apply)
      [32m+[0m[0m auto_scaling_ips                   = (known after apply)
      [32m+[0m[0m availability_mode                  = (known after apply)
      [32m+[0m[0m connectivity_type                  = "public"
      [32m+[0m[0m id                                 = (known after apply)
      [32m+[0m[0m network_interface_id               = (known after apply)
      [32m+[0m[0m private_ip                         = (known after apply)
      [32m+[0m[0m public_ip                          = (known after apply)
      [32m+[0m[0m region                             = "us-east-2"
      [32m+[0m[0m regional_nat_gateway_address       = (known after apply)
      [32m+[0m[0m regional_nat_gateway_auto_mode     = (known after apply)
      [32m+[0m[0m route_table_id                     = (known after apply)
      [32m+[0m[0m secondary_allocation_ids           = (known after apply)
      [32m+[0m[0m secondary_private_ip_address_count = (known after apply)
      [32m+[0m[0m secondary_private_ip_addresses     = (known after apply)
      [32m+[0m[0m subnet_id                          = (known after apply)
      [32m+[0m[0m tags                               = {
          [32m+[0m[0m "Name" = "mean-nat"
        }
      [32m+[0m[0m tags_all                           = {
          [32m+[0m[0m "Name" = "mean-nat"
        }
      [32m+[0m[0m vpc_id                             = (known after apply)
    }

[1m  # module.red.aws_route_table.privada[0m will be created
[0m  [32m+[0m[0m resource "aws_route_table" "privada" {
      [32m+[0m[0m arn              = (known after apply)
      [32m+[0m[0m id               = (known after apply)
      [32m+[0m[0m owner_id         = (known after apply)
      [32m+[0m[0m propagating_vgws = (known after apply)
      [32m+[0m[0m region           = "us-east-2"
      [32m+[0m[0m route            = [
          [32m+[0m[0m {
              [32m+[0m[0m cidr_block                 = "0.0.0.0/0"
              [32m+[0m[0m nat_gateway_id             = (known after apply)
                [90m# (12 unchanged attributes hidden)[0m[0m
            },
        ]
      [32m+[0m[0m tags             = {
          [32m+[0m[0m "Name" = "mean-rt-privada"
        }
      [32m+[0m[0m tags_all         = {
          [32m+[0m[0m "Name" = "mean-rt-privada"
        }
      [32m+[0m[0m vpc_id           = (known after apply)
    }

[1m  # module.red.aws_route_table.publica[0m will be created
[0m  [32m+[0m[0m resource "aws_route_table" "publica" {
      [32m+[0m[0m arn              = (known after apply)
      [32m+[0m[0m id               = (known after apply)
      [32m+[0m[0m owner_id         = (known after apply)
      [32m+[0m[0m propagating_vgws = (known after apply)
      [32m+[0m[0m region           = "us-east-2"
      [32m+[0m[0m route            = [
          [32m+[0m[0m {
              [32m+[0m[0m cidr_block                 = "0.0.0.0/0"
              [32m+[0m[0m gateway_id                 = (known after apply)
                [90m# (12 unchanged attributes hidden)[0m[0m
            },
        ]
      [32m+[0m[0m tags             = {
          [32m+[0m[0m "Name" = "mean-rt-publica"
        }
      [32m+[0m[0m tags_all         = {
          [32m+[0m[0m "Name" = "mean-rt-publica"
        }
      [32m+[0m[0m vpc_id           = (known after apply)
    }

[1m  # module.red.aws_route_table_association.privada[0m will be created
[0m  [32m+[0m[0m resource "aws_route_table_association" "privada" {
      [32m+[0m[0m id             = (known after apply)
      [32m+[0m[0m region         = "us-east-2"
      [32m+[0m[0m route_table_id = (known after apply)
      [32m+[0m[0m subnet_id      = (known after apply)
    }

[1m  # module.red.aws_route_table_association.publicas[0][0m will be created
[0m  [32m+[0m[0m resource "aws_route_table_association" "publicas" {
      [32m+[0m[0m id             = (known after apply)
      [32m+[0m[0m region         = "us-east-2"
      [32m+[0m[0m route_table_id = (known after apply)
      [32m+[0m[0m subnet_id      = (known after apply)
    }

[1m  # module.red.aws_route_table_association.publicas[1][0m will be created
[0m  [32m+[0m[0m resource "aws_route_table_association" "publicas" {
      [32m+[0m[0m id             = (known after apply)
      [32m+[0m[0m region         = "us-east-2"
      [32m+[0m[0m route_table_id = (known after apply)
      [32m+[0m[0m subnet_id      = (known after apply)
    }

[1m  # module.red.aws_subnet.privada[0m will be created
[0m  [32m+[0m[0m resource "aws_subnet" "privada" {
      [32m+[0m[0m arn                                            = (known after apply)
      [32m+[0m[0m assign_ipv6_address_on_creation                = false
      [32m+[0m[0m availability_zone                              = "us-east-2a"
      [32m+[0m[0m availability_zone_id                           = (known after apply)
      [32m+[0m[0m cidr_block                                     = "10.0.10.0/24"
      [32m+[0m[0m enable_dns64                                   = false
      [32m+[0m[0m enable_resource_name_dns_a_record_on_launch    = false
      [32m+[0m[0m enable_resource_name_dns_aaaa_record_on_launch = false
      [32m+[0m[0m id                                             = (known after apply)
      [32m+[0m[0m ipv6_cidr_block                                = (known after apply)
      [32m+[0m[0m ipv6_cidr_block_association_id                 = (known after apply)
      [32m+[0m[0m ipv6_native                                    = false
      [32m+[0m[0m map_public_ip_on_launch                        = false
      [32m+[0m[0m owner_id                                       = (known after apply)
      [32m+[0m[0m private_dns_hostname_type_on_launch            = (known after apply)
      [32m+[0m[0m region                                         = "us-east-2"
      [32m+[0m[0m tags                                           = {
          [32m+[0m[0m "Name" = "mean-privada"
        }
      [32m+[0m[0m tags_all                                       = {
          [32m+[0m[0m "Name" = "mean-privada"
        }
      [32m+[0m[0m vpc_id                                         = (known after apply)
    }

[1m  # module.red.aws_subnet.publicas[0][0m will be created
[0m  [32m+[0m[0m resource "aws_subnet" "publicas" {
      [32m+[0m[0m arn                                            = (known after apply)
      [32m+[0m[0m assign_ipv6_address_on_creation                = false
      [32m+[0m[0m availability_zone                              = "us-east-2a"
      [32m+[0m[0m availability_zone_id                           = (known after apply)
      [32m+[0m[0m cidr_block                                     = "10.0.1.0/24"
      [32m+[0m[0m enable_dns64                                   = false
      [32m+[0m[0m enable_resource_name_dns_a_record_on_launch    = false
      [32m+[0m[0m enable_resource_name_dns_aaaa_record_on_launch = false
      [32m+[0m[0m id                                             = (known after apply)
      [32m+[0m[0m ipv6_cidr_block                                = (known after apply)
      [32m+[0m[0m ipv6_cidr_block_association_id                 = (known after apply)
      [32m+[0m[0m ipv6_native                                    = false
      [32m+[0m[0m map_public_ip_on_launch                        = true
      [32m+[0m[0m owner_id                                       = (known after apply)
      [32m+[0m[0m private_dns_hostname_type_on_launch            = (known after apply)
      [32m+[0m[0m region                                         = "us-east-2"
      [32m+[0m[0m tags                                           = {
          [32m+[0m[0m "Name" = "mean-publica-1"
        }
      [32m+[0m[0m tags_all                                       = {
          [32m+[0m[0m "Name" = "mean-publica-1"
        }
      [32m+[0m[0m vpc_id                                         = (known after apply)
    }

[1m  # module.red.aws_subnet.publicas[1][0m will be created
[0m  [32m+[0m[0m resource "aws_subnet" "publicas" {
      [32m+[0m[0m arn                                            = (known after apply)
      [32m+[0m[0m assign_ipv6_address_on_creation                = false
      [32m+[0m[0m availability_zone                              = "us-east-2b"
      [32m+[0m[0m availability_zone_id                           = (known after apply)
      [32m+[0m[0m cidr_block                                     = "10.0.2.0/24"
      [32m+[0m[0m enable_dns64                                   = false
      [32m+[0m[0m enable_resource_name_dns_a_record_on_launch    = false
      [32m+[0m[0m enable_resource_name_dns_aaaa_record_on_launch = false
      [32m+[0m[0m id                                             = (known after apply)
      [32m+[0m[0m ipv6_cidr_block                                = (known after apply)
      [32m+[0m[0m ipv6_cidr_block_association_id                 = (known after apply)
      [32m+[0m[0m ipv6_native                                    = false
      [32m+[0m[0m map_public_ip_on_launch                        = true
      [32m+[0m[0m owner_id                                       = (known after apply)
      [32m+[0m[0m private_dns_hostname_type_on_launch            = (known after apply)
      [32m+[0m[0m region                                         = "us-east-2"
      [32m+[0m[0m tags                                           = {
          [32m+[0m[0m "Name" = "mean-publica-2"
        }
      [32m+[0m[0m tags_all                                       = {
          [32m+[0m[0m "Name" = "mean-publica-2"
        }
      [32m+[0m[0m vpc_id                                         = (known after apply)
    }

[1m  # module.red.aws_vpc.esta[0m will be created
[0m  [32m+[0m[0m resource "aws_vpc" "esta" {
      [32m+[0m[0m arn                                  = (known after apply)
      [32m+[0m[0m cidr_block                           = "10.0.0.0/16"
      [32m+[0m[0m default_network_acl_id               = (known after apply)
      [32m+[0m[0m default_route_table_id               = (known after apply)
      [32m+[0m[0m default_security_group_id            = (known after apply)
      [32m+[0m[0m dhcp_options_id                      = (known after apply)
      [32m+[0m[0m enable_dns_hostnames                 = true
      [32m+[0m[0m enable_dns_support                   = true
      [32m+[0m[0m enable_network_address_usage_metrics = (known after apply)
      [32m+[0m[0m id                                   = (known after apply)
      [32m+[0m[0m instance_tenancy                     = "default"
      [32m+[0m[0m ipv6_association_id                  = (known after apply)
      [32m+[0m[0m ipv6_cidr_block                      = (known after apply)
      [32m+[0m[0m ipv6_cidr_block_network_border_group = (known after apply)
      [32m+[0m[0m main_route_table_id                  = (known after apply)
      [32m+[0m[0m owner_id                             = (known after apply)
      [32m+[0m[0m region                               = "us-east-2"
      [32m+[0m[0m tags                                 = {
          [32m+[0m[0m "Name" = "mean-vpc"
        }
      [32m+[0m[0m tags_all                             = {
          [32m+[0m[0m "Name" = "mean-vpc"
        }
    }

[1m  # module.seguridad.aws_security_group.alb[0m will be created
[0m  [32m+[0m[0m resource "aws_security_group" "alb" {
      [32m+[0m[0m arn                    = (known after apply)
      [32m+[0m[0m description            = "SG del ALB: permite HTTP entrante desde Internet"
      [32m+[0m[0m egress                 = (known after apply)
      [32m+[0m[0m id                     = (known after apply)
      [32m+[0m[0m ingress                = (known after apply)
      [32m+[0m[0m name                   = (known after apply)
      [32m+[0m[0m name_prefix            = "mean-sg-alb-"
      [32m+[0m[0m owner_id               = (known after apply)
      [32m+[0m[0m region                 = "us-east-2"
      [32m+[0m[0m revoke_rules_on_delete = false
      [32m+[0m[0m tags                   = {
          [32m+[0m[0m "Name" = "mean-sg-alb"
        }
      [32m+[0m[0m tags_all               = {
          [32m+[0m[0m "Name" = "mean-sg-alb"
        }
      [32m+[0m[0m vpc_id                 = (known after apply)
    }

[1m  # module.seguridad.aws_security_group.app[0m will be created
[0m  [32m+[0m[0m resource "aws_security_group" "app" {
      [32m+[0m[0m arn                    = (known after apply)
      [32m+[0m[0m description            = "SG de la app: recibe trafico desde el ALB y SSH de administracion"
      [32m+[0m[0m egress                 = (known after apply)
      [32m+[0m[0m id                     = (known after apply)
      [32m+[0m[0m ingress                = (known after apply)
      [32m+[0m[0m name                   = (known after apply)
      [32m+[0m[0m name_prefix            = "mean-sg-app-"
      [32m+[0m[0m owner_id               = (known after apply)
      [32m+[0m[0m region                 = "us-east-2"
      [32m+[0m[0m revoke_rules_on_delete = false
      [32m+[0m[0m tags                   = {
          [32m+[0m[0m "Name" = "mean-sg-app"
        }
      [32m+[0m[0m tags_all               = {
          [32m+[0m[0m "Name" = "mean-sg-app"
        }
      [32m+[0m[0m vpc_id                 = (known after apply)
    }

[1m  # module.seguridad.aws_security_group.mongo[0m will be created
[0m  [32m+[0m[0m resource "aws_security_group" "mongo" {
      [32m+[0m[0m arn                    = (known after apply)
      [32m+[0m[0m description            = "SG de MongoDB: recibe trafico solo desde la app"
      [32m+[0m[0m egress                 = (known after apply)
      [32m+[0m[0m id                     = (known after apply)
      [32m+[0m[0m ingress                = (known after apply)
      [32m+[0m[0m name                   = (known after apply)
      [32m+[0m[0m name_prefix            = "mean-sg-mongo-"
      [32m+[0m[0m owner_id               = (known after apply)
      [32m+[0m[0m region                 = "us-east-2"
      [32m+[0m[0m revoke_rules_on_delete = false
      [32m+[0m[0m tags                   = {
          [32m+[0m[0m "Name" = "mean-sg-mongo"
        }
      [32m+[0m[0m tags_all               = {
          [32m+[0m[0m "Name" = "mean-sg-mongo"
        }
      [32m+[0m[0m vpc_id                 = (known after apply)
    }

[1m  # module.seguridad.aws_vpc_security_group_egress_rule.alb_todo[0m will be created
[0m  [32m+[0m[0m resource "aws_vpc_security_group_egress_rule" "alb_todo" {
      [32m+[0m[0m arn                    = (known after apply)
      [32m+[0m[0m cidr_ipv4              = "0.0.0.0/0"
      [32m+[0m[0m description            = "Salida sin restriccion"
      [32m+[0m[0m id                     = (known after apply)
      [32m+[0m[0m ip_protocol            = "-1"
      [32m+[0m[0m region                 = "us-east-2"
      [32m+[0m[0m security_group_id      = (known after apply)
      [32m+[0m[0m security_group_rule_id = (known after apply)
      [32m+[0m[0m tags_all               = {}
    }

[1m  # module.seguridad.aws_vpc_security_group_egress_rule.app_todo[0m will be created
[0m  [32m+[0m[0m resource "aws_vpc_security_group_egress_rule" "app_todo" {
      [32m+[0m[0m arn                    = (known after apply)
      [32m+[0m[0m cidr_ipv4              = "0.0.0.0/0"
      [32m+[0m[0m description            = "Salida sin restriccion"
      [32m+[0m[0m id                     = (known after apply)
      [32m+[0m[0m ip_protocol            = "-1"
      [32m+[0m[0m region                 = "us-east-2"
      [32m+[0m[0m security_group_id      = (known after apply)
      [32m+[0m[0m security_group_rule_id = (known after apply)
      [32m+[0m[0m tags_all               = {}
    }

[1m  # module.seguridad.aws_vpc_security_group_egress_rule.mongo_todo[0m will be created
[0m  [32m+[0m[0m resource "aws_vpc_security_group_egress_rule" "mongo_todo" {
      [32m+[0m[0m arn                    = (known after apply)
      [32m+[0m[0m cidr_ipv4              = "0.0.0.0/0"
      [32m+[0m[0m description            = "Salida sin restriccion"
      [32m+[0m[0m id                     = (known after apply)
      [32m+[0m[0m ip_protocol            = "-1"
      [32m+[0m[0m region                 = "us-east-2"
      [32m+[0m[0m security_group_id      = (known after apply)
      [32m+[0m[0m security_group_rule_id = (known after apply)
      [32m+[0m[0m tags_all               = {}
    }

[1m  # module.seguridad.aws_vpc_security_group_ingress_rule.alb_http[0m will be created
[0m  [32m+[0m[0m resource "aws_vpc_security_group_ingress_rule" "alb_http" {
      [32m+[0m[0m arn                    = (known after apply)
      [32m+[0m[0m cidr_ipv4              = "0.0.0.0/0"
      [32m+[0m[0m description            = "HTTP entrante desde Internet"
      [32m+[0m[0m from_port              = 80
      [32m+[0m[0m id                     = (known after apply)
      [32m+[0m[0m ip_protocol            = "tcp"
      [32m+[0m[0m region                 = "us-east-2"
      [32m+[0m[0m security_group_id      = (known after apply)
      [32m+[0m[0m security_group_rule_id = (known after apply)
      [32m+[0m[0m tags_all               = {}
      [32m+[0m[0m to_port                = 80
    }

[1m  # module.seguridad.aws_vpc_security_group_ingress_rule.app_http_desde_alb[0m will be created
[0m  [32m+[0m[0m resource "aws_vpc_security_group_ingress_rule" "app_http_desde_alb" {
      [32m+[0m[0m arn                          = (known after apply)
      [32m+[0m[0m description                  = "HTTP (80) solo desde el ALB; Nginx redirige a Node en localhost"
      [32m+[0m[0m from_port                    = 80
      [32m+[0m[0m id                           = (known after apply)
      [32m+[0m[0m ip_protocol                  = "tcp"
      [32m+[0m[0m referenced_security_group_id = (known after apply)
      [32m+[0m[0m region                       = "us-east-2"
      [32m+[0m[0m security_group_id            = (known after apply)
      [32m+[0m[0m security_group_rule_id       = (known after apply)
      [32m+[0m[0m tags_all                     = {}
      [32m+[0m[0m to_port                      = 80
    }

[1m  # module.seguridad.aws_vpc_security_group_ingress_rule.app_ssh[0m will be created
[0m  [32m+[0m[0m resource "aws_vpc_security_group_ingress_rule" "app_ssh" {
      [32m+[0m[0m arn                    = (known after apply)
      [32m+[0m[0m cidr_ipv4              = "0.0.0.0/0"
      [32m+[0m[0m description            = "SSH de administracion. En produccion restringir cidr_ssh."
      [32m+[0m[0m from_port              = 22
      [32m+[0m[0m id                     = (known after apply)
      [32m+[0m[0m ip_protocol            = "tcp"
      [32m+[0m[0m region                 = "us-east-2"
      [32m+[0m[0m security_group_id      = (known after apply)
      [32m+[0m[0m security_group_rule_id = (known after apply)
      [32m+[0m[0m tags_all               = {}
      [32m+[0m[0m to_port                = 22
    }

[1m  # module.seguridad.aws_vpc_security_group_ingress_rule.mongo_desde_app[0m will be created
[0m  [32m+[0m[0m resource "aws_vpc_security_group_ingress_rule" "mongo_desde_app" {
      [32m+[0m[0m arn                          = (known after apply)
      [32m+[0m[0m description                  = "Trafico de MongoDB solo desde la app"
      [32m+[0m[0m from_port                    = 27017
      [32m+[0m[0m id                           = (known after apply)
      [32m+[0m[0m ip_protocol                  = "tcp"
      [32m+[0m[0m referenced_security_group_id = (known after apply)
      [32m+[0m[0m region                       = "us-east-2"
      [32m+[0m[0m security_group_id            = (known after apply)
      [32m+[0m[0m security_group_rule_id       = (known after apply)
      [32m+[0m[0m tags_all                     = {}
      [32m+[0m[0m to_port                      = 27017
    }

[1m  # module.seguridad.aws_vpc_security_group_ingress_rule.mongo_ssh_desde_app[0m will be created
[0m  [32m+[0m[0m resource "aws_vpc_security_group_ingress_rule" "mongo_ssh_desde_app" {
      [32m+[0m[0m arn                          = (known after apply)
      [32m+[0m[0m description                  = "SSH administrativo solo desde la instancia de app (patron bastion)"
      [32m+[0m[0m from_port                    = 22
      [32m+[0m[0m id                           = (known after apply)
      [32m+[0m[0m ip_protocol                  = "tcp"
      [32m+[0m[0m referenced_security_group_id = (known after apply)
      [32m+[0m[0m region                       = "us-east-2"
      [32m+[0m[0m security_group_id            = (known after apply)
      [32m+[0m[0m security_group_rule_id       = (known after apply)
      [32m+[0m[0m tags_all                     = {}
      [32m+[0m[0m to_port                      = 22
    }

[1mPlan:[0m [0m29 to add, 0 to change, 0 to destroy.
[0m[1m
Do you want to perform these actions?[0m
  Terraform will perform the actions described above.
  Only 'yes' will be accepted to approve.

  [1mEnter a value:[0m [0m
[0m[1mmodule.red.aws_eip.nat: Creating...[0m[0m
[0m[1mmodule.red.aws_vpc.esta: Creating...[0m[0m
[0m[1mmodule.red.aws_eip.nat: Creation complete after 2s [id=eipalloc-0647172d3370f3046][0m
[0m[1mmodule.red.aws_vpc.esta: Creation complete after 3s [id=vpc-0baf44d6da1105ecc][0m
[0m[1mmodule.red.aws_subnet.publicas[1]: Creating...[0m[0m
[0m[1mmodule.red.aws_subnet.privada: Creating...[0m[0m
[0m[1mmodule.red.aws_internet_gateway.esta: Creating...[0m[0m
[0m[1mmodule.seguridad.aws_security_group.app: Creating...[0m[0m
[0m[1mmodule.seguridad.aws_security_group.mongo: Creating...[0m[0m
[0m[1mmodule.seguridad.aws_security_group.alb: Creating...[0m[0m
[0m[1mmodule.red.aws_subnet.publicas[0]: Creating...[0m[0m
[0m[1mmodule.balanceador.aws_lb_target_group.app: Creating...[0m[0m
[0m[1mmodule.red.aws_internet_gateway.esta: Creation complete after 1s [id=igw-0663c95e1c9f3a431][0m
[0m[1mmodule.red.aws_route_table.publica: Creating...[0m[0m
[0m[1mmodule.red.aws_subnet.privada: Creation complete after 1s [id=subnet-09391fc6e45e64b6a][0m
[0m[1mmodule.balanceador.aws_lb_target_group.app: Creation complete after 2s [id=arn:aws:elasticloadbalancing:us-east-2:473427586366:targetgroup/mean-tg/1384ed8180faf021][0m
[0m[1mmodule.seguridad.aws_security_group.mongo: Creation complete after 2s [id=sg-0f322171ddb0d49a2][0m
[0m[1mmodule.seguridad.aws_security_group.app: Creation complete after 2s [id=sg-0e249a6612220c070][0m
[0m[1mmodule.seguridad.aws_vpc_security_group_egress_rule.mongo_todo: Creating...[0m[0m
[0m[1mmodule.seguridad.aws_security_group.alb: Creation complete after 2s [id=sg-01d72d1a985457182][0m
[0m[1mmodule.seguridad.aws_vpc_security_group_ingress_rule.mongo_desde_app: Creating...[0m[0m
[0m[1mmodule.seguridad.aws_vpc_security_group_ingress_rule.app_http_desde_alb: Creating...[0m[0m
[0m[1mmodule.seguridad.aws_vpc_security_group_ingress_rule.app_ssh: Creating...[0m[0m
[0m[1mmodule.seguridad.aws_vpc_security_group_egress_rule.alb_todo: Creating...[0m[0m
[0m[1mmodule.seguridad.aws_vpc_security_group_egress_rule.app_todo: Creating...[0m[0m
[0m[1mmodule.seguridad.aws_vpc_security_group_ingress_rule.mongo_ssh_desde_app: Creating...[0m[0m
[0m[1mmodule.red.aws_route_table.publica: Creation complete after 2s [id=rtb-0018fb76ef496f51f][0m
[0m[1mmodule.seguridad.aws_vpc_security_group_ingress_rule.alb_http: Creating...[0m[0m
[0m[1mmodule.seguridad.aws_vpc_security_group_ingress_rule.app_http_desde_alb: Creation complete after 1s [id=sgr-085aaf190281eb13f][0m
[0m[1mmodule.seguridad.aws_vpc_security_group_ingress_rule.mongo_desde_app: Creation complete after 1s [id=sgr-0ad417534b5921088][0m
[0m[1mmodule.seguridad.aws_vpc_security_group_egress_rule.mongo_todo: Creation complete after 1s [id=sgr-0fb197a4def9a3a9e][0m
[0m[1mmodule.seguridad.aws_vpc_security_group_egress_rule.app_todo: Creation complete after 1s [id=sgr-0ecf853b3d5af1126][0m
[0m[1mmodule.seguridad.aws_vpc_security_group_egress_rule.alb_todo: Creation complete after 1s [id=sgr-08f8e69d98ea808cd][0m
[0m[1mmodule.seguridad.aws_vpc_security_group_ingress_rule.app_ssh: Creation complete after 1s [id=sgr-076611e7a4fe91c64][0m
[0m[1mmodule.seguridad.aws_vpc_security_group_ingress_rule.mongo_ssh_desde_app: Creation complete after 1s [id=sgr-0ab3a11963fde5bb7][0m
[0m[1mmodule.seguridad.aws_vpc_security_group_ingress_rule.alb_http: Creation complete after 0s [id=sgr-0a27169a7244f8904][0m
[0m[1mmodule.red.aws_subnet.publicas[1]: Still creating... [00m10s elapsed][0m[0m
[0m[1mmodule.red.aws_subnet.publicas[0]: Still creating... [00m10s elapsed][0m[0m
[0m[1mmodule.red.aws_subnet.publicas[0]: Creation complete after 12s [id=subnet-073c1d839e98e9f23][0m
[0m[1mmodule.red.aws_nat_gateway.esta: Creating...[0m[0m
[0m[1mmodule.red.aws_subnet.publicas[1]: Creation complete after 14s [id=subnet-0ad0b1d78050f49ca][0m
[0m[1mmodule.red.aws_route_table_association.publicas[1]: Creating...[0m[0m
[0m[1mmodule.red.aws_route_table_association.publicas[0]: Creating...[0m[0m
[0m[1mmodule.balanceador.aws_lb.app: Creating...[0m[0m
[0m[1mmodule.red.aws_route_table_association.publicas[0]: Creation complete after 1s [id=rtbassoc-093c80a1afdc90fe9][0m
[0m[1mmodule.red.aws_route_table_association.publicas[1]: Creation complete after 1s [id=rtbassoc-07452806044f781cf][0m
[0m[1mmodule.red.aws_nat_gateway.esta: Still creating... [00m10s elapsed][0m[0m
[0m[1mmodule.balanceador.aws_lb.app: Still creating... [00m10s elapsed][0m[0m
[0m[1mmodule.red.aws_nat_gateway.esta: Still creating... [00m20s elapsed][0m[0m
[0m[1mmodule.balanceador.aws_lb.app: Still creating... [00m20s elapsed][0m[0m
[0m[1mmodule.red.aws_nat_gateway.esta: Still creating... [00m30s elapsed][0m[0m
[0m[1mmodule.balanceador.aws_lb.app: Still creating... [00m30s elapsed][0m[0m
[0m[1mmodule.red.aws_nat_gateway.esta: Still creating... [00m40s elapsed][0m[0m
[0m[1mmodule.balanceador.aws_lb.app: Still creating... [00m40s elapsed][0m[0m
[0m[1mmodule.red.aws_nat_gateway.esta: Still creating... [00m50s elapsed][0m[0m
[0m[1mmodule.balanceador.aws_lb.app: Still creating... [00m50s elapsed][0m[0m
[0m[1mmodule.red.aws_nat_gateway.esta: Still creating... [01m00s elapsed][0m[0m
[0m[1mmodule.balanceador.aws_lb.app: Still creating... [01m00s elapsed][0m[0m
[0m[1mmodule.red.aws_nat_gateway.esta: Still creating... [01m10s elapsed][0m[0m
[0m[1mmodule.balanceador.aws_lb.app: Still creating... [01m10s elapsed][0m[0m
[0m[1mmodule.red.aws_nat_gateway.esta: Still creating... [01m20s elapsed][0m[0m
[0m[1mmodule.balanceador.aws_lb.app: Still creating... [01m20s elapsed][0m[0m
[0m[1mmodule.red.aws_nat_gateway.esta: Still creating... [01m30s elapsed][0m[0m
[0m[1mmodule.balanceador.aws_lb.app: Still creating... [01m30s elapsed][0m[0m
[0m[1mmodule.red.aws_nat_gateway.esta: Still creating... [01m40s elapsed][0m[0m
[0m[1mmodule.balanceador.aws_lb.app: Still creating... [01m40s elapsed][0m[0m
[0m[1mmodule.red.aws_nat_gateway.esta: Still creating... [01m50s elapsed][0m[0m
[0m[1mmodule.balanceador.aws_lb.app: Still creating... [01m50s elapsed][0m[0m
[0m[1mmodule.red.aws_nat_gateway.esta: Still creating... [02m00s elapsed][0m[0m
[0m[1mmodule.balanceador.aws_lb.app: Still creating... [02m00s elapsed][0m[0m
[0m[1mmodule.red.aws_nat_gateway.esta: Creation complete after 2m5s [id=nat-0edaa8a08f337e121][0m
[0m[1mmodule.red.aws_route_table.privada: Creating...[0m[0m
[0m[1mmodule.red.aws_route_table.privada: Creation complete after 2s [id=rtb-082c46166a0d6e84b][0m
[0m[1mmodule.red.aws_route_table_association.privada: Creating...[0m[0m
[0m[1mmodule.red.aws_route_table_association.privada: Creation complete after 1s [id=rtbassoc-0f7b88f61dfa90a61][0m
[0m[1mmodule.computo.data.aws_ami.app: Reading...[0m[0m
[0m[1mmodule.computo.data.aws_ami.app: Read complete after 0s [id=ami-0e8a118460995ddb2][0m
[0m[1mmodule.computo.aws_instance.mongo: Creating...[0m[0m
[0m[1mmodule.balanceador.aws_lb.app: Still creating... [02m10s elapsed][0m[0m
[0m[1mmodule.computo.aws_instance.mongo: Still creating... [00m10s elapsed][0m[0m
[0m[1mmodule.computo.aws_instance.mongo: Creation complete after 14s [id=i-05c13114569adf841][0m
[0m[1mmodule.computo.aws_instance.app: Creating...[0m[0m
[0m[1mmodule.balanceador.aws_lb.app: Still creating... [02m20s elapsed][0m[0m
[0m[1mmodule.computo.aws_instance.app: Still creating... [00m10s elapsed][0m[0m
[0m[1mmodule.balanceador.aws_lb.app: Still creating... [02m30s elapsed][0m[0m
[0m[1mmodule.computo.aws_instance.app: Creation complete after 13s [id=i-0d9f1cde3c27572c5][0m
[0m[1mmodule.balanceador.aws_lb_target_group_attachment.app: Creating...[0m[0m
[0m[1mmodule.balanceador.aws_lb_target_group_attachment.app: Creation complete after 0s [id=arn:aws:elasticloadbalancing:us-east-2:473427586366:targetgroup/mean-tg/1384ed8180faf021,i-0d9f1cde3c27572c5,80][0m
[0m[1mmodule.balanceador.aws_lb.app: Still creating... [02m40s elapsed][0m[0m
[0m[1mmodule.balanceador.aws_lb.app: Still creating... [02m50s elapsed][0m[0m
[0m[1mmodule.balanceador.aws_lb.app: Still creating... [03m00s elapsed][0m[0m
[0m[1mmodule.balanceador.aws_lb.app: Still creating... [03m10s elapsed][0m[0m
[0m[1mmodule.balanceador.aws_lb.app: Still creating... [03m20s elapsed][0m[0m
[0m[1mmodule.balanceador.aws_lb.app: Creation complete after 3m24s [id=arn:aws:elasticloadbalancing:us-east-2:473427586366:loadbalancer/app/mean-alb/5a6eb8fa6b9c1ed6][0m
[0m[1mmodule.balanceador.aws_lb_listener.http: Creating...[0m[0m
[0m[1mmodule.balanceador.aws_lb_listener.http: Creation complete after 1s [id=arn:aws:elasticloadbalancing:us-east-2:473427586366:listener/app/mean-alb/5a6eb8fa6b9c1ed6/6bdddda4a247369b][0m
[0m[1m[32m
Apply complete! Resources: 29 added, 0 changed, 0 destroyed.[0m
