[0m[1mmodule.red.aws_vpc.esta: Refreshing state... [id=vpc-0baf44d6da1105ecc][0m
[0m[1mmodule.red.aws_eip.nat: Refreshing state... [id=eipalloc-0647172d3370f3046][0m
[0m[1mmodule.red.aws_internet_gateway.esta: Refreshing state... [id=igw-0663c95e1c9f3a431][0m
[0m[1mmodule.red.aws_subnet.publicas[1]: Refreshing state... [id=subnet-0ad0b1d78050f49ca][0m
[0m[1mmodule.red.aws_subnet.privada: Refreshing state... [id=subnet-09391fc6e45e64b6a][0m
[0m[1mmodule.seguridad.aws_security_group.mongo: Refreshing state... [id=sg-0f322171ddb0d49a2][0m
[0m[1mmodule.seguridad.aws_security_group.alb: Refreshing state... [id=sg-01d72d1a985457182][0m
[0m[1mmodule.red.aws_subnet.publicas[0]: Refreshing state... [id=subnet-073c1d839e98e9f23][0m
[0m[1mmodule.seguridad.aws_security_group.app: Refreshing state... [id=sg-0e249a6612220c070][0m
[0m[1mmodule.balanceador.aws_lb_target_group.app: Refreshing state... [id=arn:aws:elasticloadbalancing:us-east-2:473427586366:targetgroup/mean-tg/1384ed8180faf021][0m
[0m[1mmodule.red.aws_route_table.publica: Refreshing state... [id=rtb-0018fb76ef496f51f][0m
[0m[1mmodule.seguridad.aws_vpc_security_group_egress_rule.mongo_todo: Refreshing state... [id=sgr-0fb197a4def9a3a9e][0m
[0m[1mmodule.seguridad.aws_vpc_security_group_egress_rule.alb_todo: Refreshing state... [id=sgr-08f8e69d98ea808cd][0m
[0m[1mmodule.seguridad.aws_vpc_security_group_ingress_rule.alb_http: Refreshing state... [id=sgr-0a27169a7244f8904][0m
[0m[1mmodule.seguridad.aws_vpc_security_group_ingress_rule.mongo_desde_app: Refreshing state... [id=sgr-0ad417534b5921088][0m
[0m[1mmodule.seguridad.aws_vpc_security_group_ingress_rule.app_http_desde_alb: Refreshing state... [id=sgr-085aaf190281eb13f][0m
[0m[1mmodule.seguridad.aws_vpc_security_group_ingress_rule.mongo_ssh_desde_app: Refreshing state... [id=sgr-0ab3a11963fde5bb7][0m
[0m[1mmodule.seguridad.aws_vpc_security_group_egress_rule.app_todo: Refreshing state... [id=sgr-0ecf853b3d5af1126][0m
[0m[1mmodule.seguridad.aws_vpc_security_group_ingress_rule.app_ssh: Refreshing state... [id=sgr-076611e7a4fe91c64][0m
[0m[1mmodule.red.aws_nat_gateway.esta: Refreshing state... [id=nat-0edaa8a08f337e121][0m
[0m[1mmodule.red.aws_route_table_association.publicas[0]: Refreshing state... [id=rtbassoc-093c80a1afdc90fe9][0m
[0m[1mmodule.red.aws_route_table_association.publicas[1]: Refreshing state... [id=rtbassoc-07452806044f781cf][0m
[0m[1mmodule.balanceador.aws_lb.app: Refreshing state... [id=arn:aws:elasticloadbalancing:us-east-2:473427586366:loadbalancer/app/mean-alb/5a6eb8fa6b9c1ed6][0m
[0m[1mmodule.red.aws_route_table.privada: Refreshing state... [id=rtb-082c46166a0d6e84b][0m
[0m[1mmodule.red.aws_route_table_association.privada: Refreshing state... [id=rtbassoc-0f7b88f61dfa90a61][0m
[0m[1mmodule.computo.data.aws_ami.app: Reading...[0m[0m
[0m[1mmodule.computo.data.aws_ami.app: Read complete after 1s [id=ami-0e8a118460995ddb2][0m
[0m[1mmodule.computo.aws_instance.mongo: Refreshing state... [id=i-05c13114569adf841][0m
[0m[1mmodule.balanceador.aws_lb_listener.http: Refreshing state... [id=arn:aws:elasticloadbalancing:us-east-2:473427586366:listener/app/mean-alb/5a6eb8fa6b9c1ed6/6bdddda4a247369b][0m
[0m[1mmodule.computo.aws_instance.app: Refreshing state... [id=i-0d9f1cde3c27572c5][0m
[0m[1mmodule.balanceador.aws_lb_target_group_attachment.app: Refreshing state... [id=arn:aws:elasticloadbalancing:us-east-2:473427586366:targetgroup/mean-tg/1384ed8180faf021,i-0d9f1cde3c27572c5,80][0m

Terraform used the selected providers to generate the following execution
plan. Resource actions are indicated with the following symbols:
[31m-[0m/[32m+[0m destroy and then create replacement[0m

Terraform will perform the following actions:

[1m  # module.balanceador.aws_lb_target_group_attachment.app[0m must be [1m[31mreplaced[0m
[0m[31m-[0m/[32m+[0m[0m resource "aws_lb_target_group_attachment" "app" {
      [33m~[0m[0m id               = "arn:aws:elasticloadbalancing:us-east-2:473427586366:targetgroup/mean-tg/1384ed8180faf021,i-0d9f1cde3c27572c5,80" -> (known after apply)
      [33m~[0m[0m target_id        = "i-0d9f1cde3c27572c5" -> (known after apply) [31m# forces replacement[0m[0m
        [90m# (3 unchanged attributes hidden)[0m[0m
    }

[1m  # module.computo.aws_instance.app[0m will be [1m[31mreplaced[0m, as requested
[0m[31m-[0m/[32m+[0m[0m resource "aws_instance" "app" {
      [33m~[0m[0m arn                                  = "arn:aws:ec2:us-east-2:473427586366:instance/i-0d9f1cde3c27572c5" -> (known after apply)
      [33m~[0m[0m availability_zone                    = "us-east-2a" -> (known after apply)
      [33m~[0m[0m disable_api_stop                     = false -> (known after apply)
      [33m~[0m[0m disable_api_termination              = false -> (known after apply)
      [33m~[0m[0m ebs_optimized                        = false -> (known after apply)
      [32m+[0m[0m enable_primary_ipv6                  = (known after apply)
      [31m-[0m[0m hibernation                          = false [90m-> null[0m[0m
      [32m+[0m[0m host_id                              = (known after apply)
      [32m+[0m[0m host_resource_group_arn              = (known after apply)
      [32m+[0m[0m iam_instance_profile                 = (known after apply)
      [33m~[0m[0m id                                   = "i-0d9f1cde3c27572c5" -> (known after apply)
      [33m~[0m[0m instance_initiated_shutdown_behavior = "stop" -> (known after apply)
      [32m+[0m[0m instance_lifecycle                   = (known after apply)
      [33m~[0m[0m instance_state                       = "running" -> (known after apply)
      [33m~[0m[0m ipv6_address_count                   = 0 -> (known after apply)
      [33m~[0m[0m ipv6_addresses                       = [] -> (known after apply)
      [33m~[0m[0m monitoring                           = false -> (known after apply)
      [32m+[0m[0m outpost_arn                          = (known after apply)
      [32m+[0m[0m password_data                        = (known after apply)
      [32m+[0m[0m placement_group                      = (known after apply)
      [32m+[0m[0m placement_group_id                   = (known after apply)
      [33m~[0m[0m placement_partition_number           = 0 -> (known after apply)
      [33m~[0m[0m primary_network_interface_id         = "eni-06c32e28add864815" -> (known after apply)
      [33m~[0m[0m private_dns                          = "ip-10-0-1-193.us-east-2.compute.internal" -> (known after apply)
      [33m~[0m[0m private_ip                           = "10.0.1.193" -> (known after apply)
      [33m~[0m[0m public_dns                           = "ec2-18-117-77-76.us-east-2.compute.amazonaws.com" -> (known after apply)
      [33m~[0m[0m public_ip                            = "18.117.77.76" -> (known after apply)
      [33m~[0m[0m secondary_private_ips                = [] -> (known after apply)
      [33m~[0m[0m security_groups                      = [] -> (known after apply)
      [32m+[0m[0m spot_instance_request_id             = (known after apply)
        tags                                 = {
            "Name" = "mean-app"
        }
      [33m~[0m[0m tenancy                              = "default" -> (known after apply)
      [32m+[0m[0m user_data_base64                     = (known after apply)
        [90m# (13 unchanged attributes hidden)[0m[0m

      [33m~[0m[0m capacity_reservation_specification (known after apply)
      [31m-[0m[0m capacity_reservation_specification {
          [31m-[0m[0m capacity_reservation_preference = "open" [90m-> null[0m[0m
        }

      [33m~[0m[0m cpu_options (known after apply)
      [31m-[0m[0m cpu_options {
          [31m-[0m[0m core_count            = 1 [90m-> null[0m[0m
          [31m-[0m[0m threads_per_core      = 2 [90m-> null[0m[0m
            [90m# (2 unchanged attributes hidden)[0m[0m
        }

      [31m-[0m[0m credit_specification {
          [31m-[0m[0m cpu_credits = "unlimited" [90m-> null[0m[0m
        }

      [33m~[0m[0m ebs_block_device (known after apply)

      [33m~[0m[0m enclave_options (known after apply)
      [31m-[0m[0m enclave_options {
          [31m-[0m[0m enabled = false [90m-> null[0m[0m
        }

      [33m~[0m[0m ephemeral_block_device (known after apply)

      [33m~[0m[0m instance_market_options (known after apply)

      [33m~[0m[0m maintenance_options (known after apply)
      [31m-[0m[0m maintenance_options {
          [31m-[0m[0m auto_recovery = "default" [90m-> null[0m[0m
        }

      [33m~[0m[0m metadata_options (known after apply)
      [31m-[0m[0m metadata_options {
          [31m-[0m[0m http_endpoint               = "enabled" [90m-> null[0m[0m
          [31m-[0m[0m http_protocol_ipv6          = "disabled" [90m-> null[0m[0m
          [31m-[0m[0m http_put_response_hop_limit = 1 [90m-> null[0m[0m
          [31m-[0m[0m http_tokens                 = "optional" [90m-> null[0m[0m
          [31m-[0m[0m instance_metadata_tags      = "disabled" [90m-> null[0m[0m
        }

      [33m~[0m[0m network_interface (known after apply)

      [33m~[0m[0m primary_network_interface (known after apply)
      [31m-[0m[0m primary_network_interface {
          [31m-[0m[0m delete_on_termination = true [90m-> null[0m[0m
          [31m-[0m[0m network_interface_id  = "eni-06c32e28add864815" [90m-> null[0m[0m
        }

      [33m~[0m[0m private_dns_name_options (known after apply)
      [31m-[0m[0m private_dns_name_options {
          [31m-[0m[0m enable_resource_name_dns_a_record    = false [90m-> null[0m[0m
          [31m-[0m[0m enable_resource_name_dns_aaaa_record = false [90m-> null[0m[0m
          [31m-[0m[0m hostname_type                        = "ip-name" [90m-> null[0m[0m
        }

      [33m~[0m[0m root_block_device (known after apply)
      [31m-[0m[0m root_block_device {
          [31m-[0m[0m delete_on_termination = true [90m-> null[0m[0m
          [31m-[0m[0m device_name           = "/dev/sda1" [90m-> null[0m[0m
          [31m-[0m[0m encrypted             = false [90m-> null[0m[0m
          [31m-[0m[0m iops                  = 100 [90m-> null[0m[0m
          [31m-[0m[0m tags                  = {} [90m-> null[0m[0m
          [31m-[0m[0m tags_all              = {} [90m-> null[0m[0m
          [31m-[0m[0m throughput            = 0 [90m-> null[0m[0m
          [31m-[0m[0m volume_id             = "vol-029b30f17b0b1e16a" [90m-> null[0m[0m
          [31m-[0m[0m volume_size           = 8 [90m-> null[0m[0m
          [31m-[0m[0m volume_type           = "gp2" [90m-> null[0m[0m
            [90m# (1 unchanged attribute hidden)[0m[0m
        }

      [33m~[0m[0m secondary_network_interface (known after apply)
    }

[1mPlan:[0m [0m2 to add, 0 to change, 2 to destroy.
[0m[1m
Do you want to perform these actions?[0m
  Terraform will perform the actions described above.
  Only 'yes' will be accepted to approve.

  [1mEnter a value:[0m [0m
[0m[1mmodule.balanceador.aws_lb_target_group_attachment.app: Destroying... [id=arn:aws:elasticloadbalancing:us-east-2:473427586366:targetgroup/mean-tg/1384ed8180faf021,i-0d9f1cde3c27572c5,80][0m[0m
[0m[1mmodule.balanceador.aws_lb_target_group_attachment.app: Destruction complete after 0s[0m
[0m[1mmodule.computo.aws_instance.app: Destroying... [id=i-0d9f1cde3c27572c5][0m[0m
[0m[1mmodule.computo.aws_instance.app: Still destroying... [id=i-0d9f1cde3c27572c5, 00m10s elapsed][0m[0m
[0m[1mmodule.computo.aws_instance.app: Still destroying... [id=i-0d9f1cde3c27572c5, 00m20s elapsed][0m[0m
[0m[1mmodule.computo.aws_instance.app: Still destroying... [id=i-0d9f1cde3c27572c5, 00m30s elapsed][0m[0m
[0m[1mmodule.computo.aws_instance.app: Still destroying... [id=i-0d9f1cde3c27572c5, 00m40s elapsed][0m[0m
[0m[1mmodule.computo.aws_instance.app: Still destroying... [id=i-0d9f1cde3c27572c5, 00m50s elapsed][0m[0m
[0m[1mmodule.computo.aws_instance.app: Still destroying... [id=i-0d9f1cde3c27572c5, 01m00s elapsed][0m[0m
[0m[1mmodule.computo.aws_instance.app: Still destroying... [id=i-0d9f1cde3c27572c5, 01m10s elapsed][0m[0m
[0m[1mmodule.computo.aws_instance.app: Destruction complete after 1m11s[0m
[0m[1mmodule.computo.aws_instance.app: Creating...[0m[0m
[0m[1mmodule.computo.aws_instance.app: Still creating... [00m10s elapsed][0m[0m
[0m[1mmodule.computo.aws_instance.app: Creation complete after 14s [id=i-0214732b6ec8d2bda][0m
[0m[1mmodule.balanceador.aws_lb_target_group_attachment.app: Creating...[0m[0m
[0m[1mmodule.balanceador.aws_lb_target_group_attachment.app: Creation complete after 0s [id=arn:aws:elasticloadbalancing:us-east-2:473427586366:targetgroup/mean-tg/1384ed8180faf021,i-0214732b6ec8d2bda,80][0m
[0m[1m[32m
Apply complete! Resources: 2 added, 0 changed, 2 destroyed.[0m
